2023-02-23T19:34:44.110+0400 [DEBUG] [org.gradle.launcher.daemon.bootstrap.DaemonMain] Assuming the daemon was started with following jvm opts: [--add-opens=java.base/java.util=ALL-UNNAMED, --add-opens=java.base/java.lang=ALL-UNNAMED, --add-opens=java.base/java.lang.invoke=ALL-UNNAMED, --add-opens=java.prefs/java.util.prefs=ALL-UNNAMED, --add-opens=java.base/java.nio.charset=ALL-UNNAMED, --add-opens=java.base/java.net=ALL-UNNAMED, --add-opens=java.base/java.util.concurrent.atomic=ALL-UNNAMED, -Xmx2048m, -Dfile.encoding=UTF-8, -Duser.country=US, -Duser.language=en, -Duser.variant]
2023-02-23T19:34:44.196+0400 [DEBUG] [org.gradle.internal.nativeintegration.services.NativeServices] Native-platform posix files integration is not available. Continuing with fallback.
2023-02-23T19:34:44.204+0400 [INFO] [org.gradle.launcher.daemon.server.Daemon] start() called on daemon - DefaultDaemonContext[uid=80bf0cc9-0227-47fc-866f-659912c585bb,javaHome=C:\Program Files\Android\Android Studio\jre,daemonRegistryDir=D:\Ivi\AndroidStudioProjects\Eventory\Eventory\daemon,pid=9928,idleTimeout=10800000,priority=NORMAL,daemonOpts=--add-opens=java.base/java.util=ALL-UNNAMED,--add-opens=java.base/java.lang=ALL-UNNAMED,--add-opens=java.base/java.lang.invoke=ALL-UNNAMED,--add-opens=java.prefs/java.util.prefs=ALL-UNNAMED,--add-opens=java.base/java.nio.charset=ALL-UNNAMED,--add-opens=java.base/java.net=ALL-UNNAMED,--add-opens=java.base/java.util.concurrent.atomic=ALL-UNNAMED,-Xmx2048m,-Dfile.encoding=UTF-8,-Duser.country=US,-Duser.language=en,-Duser.variant]
2023-02-23T19:34:44.354+0400 [DEBUG] [org.gradle.internal.remote.internal.inet.InetAddresses] Adding IP addresses for network interface Software Loopback Interface 1
2023-02-23T19:34:44.355+0400 [DEBUG] [org.gradle.internal.remote.internal.inet.InetAddresses] Is this a loopback interface? true
2023-02-23T19:34:44.355+0400 [DEBUG] [org.gradle.internal.remote.internal.inet.InetAddresses] Adding loopback address /127.0.0.1
2023-02-23T19:34:44.355+0400 [DEBUG] [org.gradle.internal.remote.internal.inet.InetAddresses] Adding loopback address /0:0:0:0:0:0:0:1
2023-02-23T19:34:44.356+0400 [DEBUG] [org.gradle.internal.remote.internal.inet.InetAddresses] Adding IP addresses for network interface Microsoft 6to4 Adapter
2023-02-23T19:34:44.357+0400 [DEBUG] [org.gradle.internal.remote.internal.inet.InetAddresses] Is this a loopback interface? false
2023-02-23T19:34:44.357+0400 [DEBUG] [org.gradle.internal.remote.internal.inet.InetAddresses] Adding IP addresses for network interface Microsoft Kernel Debug Network Adapter
2023-02-23T19:34:44.358+0400 [DEBUG] [org.gradle.internal.remote.internal.inet.InetAddresses] Is this a loopback interface? false
2023-02-23T19:34:44.358+0400 [DEBUG] [org.gradle.internal.remote.internal.inet.InetAddresses] Adding IP addresses for network interface WAN Miniport (L2TP)
2023-02-23T19:34:44.359+0400 [DEBUG] [org.gradle.internal.remote.internal.inet.InetAddresses] Is this a loopback interface? false
2023-02-23T19:34:44.359+0400 [DEBUG] [org.gradle.internal.remote.internal.inet.InetAddresses] Adding IP addresses for network interface Microsoft IP-HTTPS Platform Adapter
2023-02-23T19:34:44.360+0400 [DEBUG] [org.gradle.internal.remote.internal.inet.InetAddresses] Is this a loopback interface? false
2023-02-23T19:34:44.360+0400 [DEBUG] [org.gradle.internal.remote.internal.inet.InetAddresses] Adding IP addresses for network interface Intel(R) Dual Band Wireless-AC 7265
2023-02-23T19:34:44.361+0400 [DEBUG] [org.gradle.internal.remote.internal.inet.InetAddresses] Is this a loopback interface? false
2023-02-23T19:34:44.361+0400 [DEBUG] [org.gradle.internal.remote.internal.inet.InetAddresses] Adding remote address /fe80:0:0:0:6211:bcb6:a19b:6933%wlan0
2023-02-23T19:34:44.362+0400 [DEBUG] [org.gradle.internal.remote.internal.inet.InetAddresses] Adding IP addresses for network interface WAN Miniport (PPPOE)
2023-02-23T19:34:44.362+0400 [DEBUG] [org.gradle.internal.remote.internal.inet.InetAddresses] Is this a loopback interface? false
2023-02-23T19:34:44.363+0400 [DEBUG] [org.gradle.internal.remote.internal.inet.InetAddresses] Adding IP addresses for network interface WAN Miniport (IKEv2)
2023-02-23T19:34:44.363+0400 [DEBUG] [org.gradle.internal.remote.internal.inet.InetAddresses] Is this a loopback interface? false
2023-02-23T19:34:44.364+0400 [DEBUG] [org.gradle.internal.remote.internal.inet.InetAddresses] Adding IP addresses for network interface WAN Miniport (SSTP)
2023-02-23T19:34:44.364+0400 [DEBUG] [org.gradle.internal.remote.internal.inet.InetAddresses] Is this a loopback interface? false
2023-02-23T19:34:44.365+0400 [DEBUG] [org.gradle.internal.remote.internal.inet.InetAddresses] Adding IP addresses for network interface RAS Async Adapter
2023-02-23T19:34:44.365+0400 [DEBUG] [org.gradle.internal.remote.internal.inet.InetAddresses] Is this a loopback interface? false
2023-02-23T19:34:44.366+0400 [DEBUG] [org.gradle.internal.remote.internal.inet.InetAddresses] Adding IP addresses for network interface Intel(R) Ethernet Connection (14) I219-V
2023-02-23T19:34:44.366+0400 [DEBUG] [org.gradle.internal.remote.internal.inet.InetAddresses] Is this a loopback interface? false
2023-02-23T19:34:44.367+0400 [DEBUG] [org.gradle.internal.remote.internal.inet.InetAddresses] Adding remote address /192.168.1.7
2023-02-23T19:34:44.367+0400 [DEBUG] [org.gradle.internal.remote.internal.inet.InetAddresses] Adding remote address /fe80:0:0:0:b6bd:b75e:5a60:a7c0%eth1
2023-02-23T19:34:44.367+0400 [DEBUG] [org.gradle.internal.remote.internal.inet.InetAddresses] Adding IP addresses for network interface Microsoft Wi-Fi Direct Virtual Adapter #2
2023-02-23T19:34:44.368+0400 [DEBUG] [org.gradle.internal.remote.internal.inet.InetAddresses] Is this a loopback interface? false
2023-02-23T19:34:44.368+0400 [DEBUG] [org.gradle.internal.remote.internal.inet.InetAddresses] Adding remote address /fe80:0:0:0:ca18:53f8:ec1e:2a7d%wlan1
2023-02-23T19:34:44.368+0400 [DEBUG] [org.gradle.internal.remote.internal.inet.InetAddresses] Adding IP addresses for network interface Microsoft Teredo Tunneling Adapter
2023-02-23T19:34:44.369+0400 [DEBUG] [org.gradle.internal.remote.internal.inet.InetAddresses] Is this a loopback interface? false
2023-02-23T19:34:44.369+0400 [DEBUG] [org.gradle.internal.remote.internal.inet.InetAddresses] Adding IP addresses for network interface WAN Miniport (PPTP)
2023-02-23T19:34:44.370+0400 [DEBUG] [org.gradle.internal.remote.internal.inet.InetAddresses] Is this a loopback interface? false
2023-02-23T19:34:44.370+0400 [DEBUG] [org.gradle.internal.remote.internal.inet.InetAddresses] Adding IP addresses for network interface Microsoft Wi-Fi Direct Virtual Adapter
2023-02-23T19:34:44.371+0400 [DEBUG] [org.gradle.internal.remote.internal.inet.InetAddresses] Is this a loopback interface? false
2023-02-23T19:34:44.371+0400 [DEBUG] [org.gradle.internal.remote.internal.inet.InetAddresses] Adding remote address /fe80:0:0:0:df00:2520:7258:244f%wlan2
2023-02-23T19:34:44.371+0400 [DEBUG] [org.gradle.internal.remote.internal.inet.InetAddresses] Adding IP addresses for network interface WAN Miniport (IP)
2023-02-23T19:34:44.372+0400 [DEBUG] [org.gradle.internal.remote.internal.inet.InetAddresses] Is this a loopback interface? false
2023-02-23T19:34:44.372+0400 [DEBUG] [org.gradle.internal.remote.internal.inet.InetAddresses] Adding IP addresses for network interface Bluetooth Device (Personal Area Network)
2023-02-23T19:34:44.373+0400 [DEBUG] [org.gradle.internal.remote.internal.inet.InetAddresses] Is this a loopback interface? false
2023-02-23T19:34:44.373+0400 [DEBUG] [org.gradle.internal.remote.internal.inet.InetAddresses] Adding remote address /fe80:0:0:0:9a41:2958:72c:8b86%eth3
2023-02-23T19:34:44.373+0400 [DEBUG] [org.gradle.internal.remote.internal.inet.InetAddresses] Adding IP addresses for network interface WAN Miniport (IPv6)
2023-02-23T19:34:44.374+0400 [DEBUG] [org.gradle.internal.remote.internal.inet.InetAddresses] Is this a loopback interface? false
2023-02-23T19:34:44.374+0400 [DEBUG] [org.gradle.internal.remote.internal.inet.InetAddresses] Adding IP addresses for network interface WAN Miniport (Network Monitor)
2023-02-23T19:34:44.375+0400 [DEBUG] [org.gradle.internal.remote.internal.inet.InetAddresses] Is this a loopback interface? false
2023-02-23T19:34:44.375+0400 [DEBUG] [org.gradle.internal.remote.internal.inet.InetAddresses] Adding IP addresses for network interface Intel(R) Ethernet Connection (14) I219-V-WFP Native MAC Layer LightWeight Filter-0000
2023-02-23T19:34:44.376+0400 [DEBUG] [org.gradle.internal.remote.internal.inet.InetAddresses] Is this a loopback interface? false
2023-02-23T19:34:44.376+0400 [DEBUG] [org.gradle.internal.remote.internal.inet.InetAddresses] Adding IP addresses for network interface Intel(R) Ethernet Connection (14) I219-V-QoS Packet Scheduler-0000
2023-02-23T19:34:44.377+0400 [DEBUG] [org.gradle.internal.remote.internal.inet.InetAddresses] Is this a loopback interface? false
2023-02-23T19:34:44.377+0400 [DEBUG] [org.gradle.internal.remote.internal.inet.InetAddresses] Adding IP addresses for network interface Intel(R) Ethernet Connection (14) I219-V-WFP 802.3 MAC Layer LightWeight Filter-0000
2023-02-23T19:34:44.378+0400 [DEBUG] [org.gradle.internal.remote.internal.inet.InetAddresses] Is this a loopback interface? false
2023-02-23T19:34:44.378+0400 [DEBUG] [org.gradle.internal.remote.internal.inet.InetAddresses] Adding IP addresses for network interface Intel(R) Dual Band Wireless-AC 7265-WFP Native MAC Layer LightWeight Filter-0000
2023-02-23T19:34:44.379+0400 [DEBUG] [org.gradle.internal.remote.internal.inet.InetAddresses] Is this a loopback interface? false
2023-02-23T19:34:44.379+0400 [DEBUG] [org.gradle.internal.remote.internal.inet.InetAddresses] Adding IP addresses for network interface Intel(R) Dual Band Wireless-AC 7265-Virtual WiFi Filter Driver-0000
2023-02-23T19:34:44.380+0400 [DEBUG] [org.gradle.internal.remote.internal.inet.InetAddresses] Is this a loopback interface? false
2023-02-23T19:34:44.380+0400 [DEBUG] [org.gradle.internal.remote.internal.inet.InetAddresses] Adding IP addresses for network interface Intel(R) Dual Band Wireless-AC 7265-Native WiFi Filter Driver-0000
2023-02-23T19:34:44.381+0400 [DEBUG] [org.gradle.internal.remote.internal.inet.InetAddresses] Is this a loopback interface? false
2023-02-23T19:34:44.381+0400 [DEBUG] [org.gradle.internal.remote.internal.inet.InetAddresses] Adding IP addresses for network interface Intel(R) Dual Band Wireless-AC 7265-QoS Packet Scheduler-0000
2023-02-23T19:34:44.382+0400 [DEBUG] [org.gradle.internal.remote.internal.inet.InetAddresses] Is this a loopback interface? false
2023-02-23T19:34:44.382+0400 [DEBUG] [org.gradle.internal.remote.internal.inet.InetAddresses] Adding IP addresses for network interface Intel(R) Dual Band Wireless-AC 7265-WFP 802.3 MAC Layer LightWeight Filter-0000
2023-02-23T19:34:44.383+0400 [DEBUG] [org.gradle.internal.remote.internal.inet.InetAddresses] Is this a loopback interface? false
2023-02-23T19:34:44.383+0400 [DEBUG] [org.gradle.internal.remote.internal.inet.InetAddresses] Adding IP addresses for network interface Microsoft Wi-Fi Direct Virtual Adapter-WFP Native MAC Layer LightWeight Filter-0000
2023-02-23T19:34:44.384+0400 [DEBUG] [org.gradle.internal.remote.internal.inet.InetAddresses] Is this a loopback interface? false
2023-02-23T19:34:44.384+0400 [DEBUG] [org.gradle.internal.remote.internal.inet.InetAddresses] Adding IP addresses for network interface Microsoft Wi-Fi Direct Virtual Adapter-Native WiFi Filter Driver-0000
2023-02-23T19:34:44.385+0400 [DEBUG] [org.gradle.internal.remote.internal.inet.InetAddresses] Is this a loopback interface? false
2023-02-23T19:34:44.385+0400 [DEBUG] [org.gradle.internal.remote.internal.inet.InetAddresses] Adding IP addresses for network interface Microsoft Wi-Fi Direct Virtual Adapter-QoS Packet Scheduler-0000
2023-02-23T19:34:44.386+0400 [DEBUG] [org.gradle.internal.remote.internal.inet.InetAddresses] Is this a loopback interface? false
2023-02-23T19:34:44.386+0400 [DEBUG] [org.gradle.internal.remote.internal.inet.InetAddresses] Adding IP addresses for network interface Microsoft Wi-Fi Direct Virtual Adapter-WFP 802.3 MAC Layer LightWeight Filter-0000
2023-02-23T19:34:44.387+0400 [DEBUG] [org.gradle.internal.remote.internal.inet.InetAddresses] Is this a loopback interface? false
2023-02-23T19:34:44.387+0400 [DEBUG] [org.gradle.internal.remote.internal.inet.InetAddresses] Adding IP addresses for network interface WAN Miniport (IP)-WFP Native MAC Layer LightWeight Filter-0000
2023-02-23T19:34:44.387+0400 [DEBUG] [org.gradle.internal.remote.internal.inet.InetAddresses] Is this a loopback interface? false
2023-02-23T19:34:44.388+0400 [DEBUG] [org.gradle.internal.remote.internal.inet.InetAddresses] Adding IP addresses for network interface WAN Miniport (IP)-QoS Packet Scheduler-0000
2023-02-23T19:34:44.388+0400 [DEBUG] [org.gradle.internal.remote.internal.inet.InetAddresses] Is this a loopback interface? false
2023-02-23T19:34:44.388+0400 [DEBUG] [org.gradle.internal.remote.internal.inet.InetAddresses] Adding IP addresses for network interface WAN Miniport (IPv6)-WFP Native MAC Layer LightWeight Filter-0000
2023-02-23T19:34:44.389+0400 [DEBUG] [org.gradle.internal.remote.internal.inet.InetAddresses] Is this a loopback interface? false
2023-02-23T19:34:44.389+0400 [DEBUG] [org.gradle.internal.remote.internal.inet.InetAddresses] Adding IP addresses for network interface WAN Miniport (IPv6)-QoS Packet Scheduler-0000
2023-02-23T19:34:44.390+0400 [DEBUG] [org.gradle.internal.remote.internal.inet.InetAddresses] Is this a loopback interface? false
2023-02-23T19:34:44.390+0400 [DEBUG] [org.gradle.internal.remote.internal.inet.InetAddresses] Adding IP addresses for network interface WAN Miniport (Network Monitor)-WFP Native MAC Layer LightWeight Filter-0000
2023-02-23T19:34:44.391+0400 [DEBUG] [org.gradle.internal.remote.internal.inet.InetAddresses] Is this a loopback interface? false
2023-02-23T19:34:44.391+0400 [DEBUG] [org.gradle.internal.remote.internal.inet.InetAddresses] Adding IP addresses for network interface WAN Miniport (Network Monitor)-QoS Packet Scheduler-0000
2023-02-23T19:34:44.392+0400 [DEBUG] [org.gradle.internal.remote.internal.inet.InetAddresses] Is this a loopback interface? false
2023-02-23T19:34:44.392+0400 [DEBUG] [org.gradle.internal.remote.internal.inet.InetAddresses] Adding IP addresses for network interface Microsoft Wi-Fi Direct Virtual Adapter #2-WFP Native MAC Layer LightWeight Filter-0000
2023-02-23T19:34:44.393+0400 [DEBUG] [org.gradle.internal.remote.internal.inet.InetAddresses] Is this a loopback interface? false
2023-02-23T19:34:44.393+0400 [DEBUG] [org.gradle.internal.remote.internal.inet.InetAddresses] Adding IP addresses for network interface Microsoft Wi-Fi Direct Virtual Adapter #2-Native WiFi Filter Driver-0000
2023-02-23T19:34:44.394+0400 [DEBUG] [org.gradle.internal.remote.internal.inet.InetAddresses] Is this a loopback interface? false
2023-02-23T19:34:44.394+0400 [DEBUG] [org.gradle.internal.remote.internal.inet.InetAddresses] Adding IP addresses for network interface Microsoft Wi-Fi Direct Virtual Adapter #2-QoS Packet Scheduler-0000
2023-02-23T19:34:44.395+0400 [DEBUG] [org.gradle.internal.remote.internal.inet.InetAddresses] Is this a loopback interface? false
2023-02-23T19:34:44.395+0400 [DEBUG] [org.gradle.internal.remote.internal.inet.InetAddresses] Adding IP addresses for network interface Microsoft Wi-Fi Direct Virtual Adapter #2-WFP 802.3 MAC Layer LightWeight Filter-0000
2023-02-23T19:34:44.396+0400 [DEBUG] [org.gradle.internal.remote.internal.inet.InetAddresses] Is this a loopback interface? false
2023-02-23T19:34:44.397+0400 [DEBUG] [org.gradle.internal.remote.internal.inet.TcpIncomingConnector] Listening on [7a0e0345-0339-4219-90bc-6f1f9582657b port:65231, addresses:[localhost/127.0.0.1]].
2023-02-23T19:34:44.402+0400 [DEBUG] [org.gradle.launcher.daemon.server.Daemon] Daemon starting at: Thu Feb 23 19:34:44 AMT 2023, with address: [7a0e0345-0339-4219-90bc-6f1f9582657b port:65231, addresses:[localhost/127.0.0.1]]
2023-02-23T19:34:44.402+0400 [INFO] [org.gradle.launcher.daemon.server.DaemonRegistryUpdater] Advertising the daemon address to the clients: [7a0e0345-0339-4219-90bc-6f1f9582657b port:65231, addresses:[localhost/127.0.0.1]]
2023-02-23T19:34:44.402+0400 [DEBUG] [org.gradle.launcher.daemon.server.DaemonRegistryUpdater] Advertised daemon context: DefaultDaemonContext[uid=80bf0cc9-0227-47fc-866f-659912c585bb,javaHome=C:\Program Files\Android\Android Studio\jre,daemonRegistryDir=D:\Ivi\AndroidStudioProjects\Eventory\Eventory\daemon,pid=9928,idleTimeout=10800000,priority=NORMAL,daemonOpts=--add-opens=java.base/java.util=ALL-UNNAMED,--add-opens=java.base/java.lang=ALL-UNNAMED,--add-opens=java.base/java.lang.invoke=ALL-UNNAMED,--add-opens=java.prefs/java.util.prefs=ALL-UNNAMED,--add-opens=java.base/java.nio.charset=ALL-UNNAMED,--add-opens=java.base/java.net=ALL-UNNAMED,--add-opens=java.base/java.util.concurrent.atomic=ALL-UNNAMED,-Xmx2048m,-Dfile.encoding=UTF-8,-Duser.country=US,-Duser.language=en,-Duser.variant]
2023-02-23T19:34:44.403+0400 [DEBUG] [org.gradle.launcher.daemon.registry.PersistentDaemonRegistry] Storing daemon address: [7a0e0345-0339-4219-90bc-6f1f9582657b port:65231, addresses:[localhost/127.0.0.1]], context: DefaultDaemonContext[uid=80bf0cc9-0227-47fc-866f-659912c585bb,javaHome=C:\Program Files\Android\Android Studio\jre,daemonRegistryDir=D:\Ivi\AndroidStudioProjects\Eventory\Eventory\daemon,pid=9928,idleTimeout=10800000,priority=NORMAL,daemonOpts=--add-opens=java.base/java.util=ALL-UNNAMED,--add-opens=java.base/java.lang=ALL-UNNAMED,--add-opens=java.base/java.lang.invoke=ALL-UNNAMED,--add-opens=java.prefs/java.util.prefs=ALL-UNNAMED,--add-opens=java.base/java.nio.charset=ALL-UNNAMED,--add-opens=java.base/java.net=ALL-UNNAMED,--add-opens=java.base/java.util.concurrent.atomic=ALL-UNNAMED,-Xmx2048m,-Dfile.encoding=UTF-8,-Duser.country=US,-Duser.language=en,-Duser.variant]
2023-02-23T19:34:44.407+0400 [DEBUG] [org.gradle.cache.internal.DefaultFileLockManager] Waiting to acquire exclusive lock on daemon addresses registry.
2023-02-23T19:34:44.409+0400 [DEBUG] [org.gradle.cache.internal.DefaultFileLockManager] Lock acquired on daemon addresses registry.
2023-02-23T19:34:44.411+0400 [DEBUG] [org.gradle.cache.internal.DefaultFileLockManager] Releasing lock on daemon addresses registry.
2023-02-23T19:34:44.412+0400 [LIFECYCLE] [org.gradle.launcher.daemon.server.Daemon] Daemon server started.
2023-02-23T19:34:44.412+0400 [DEBUG] [org.gradle.launcher.daemon.bootstrap.DaemonStartupCommunication] Completed writing the daemon greeting. Closing streams...
2023-02-23T19:34:44.415+0400 [DEBUG] [org.gradle.launcher.daemon.server.Daemon] stopOnExpiration() called on daemon
2023-02-23T19:34:44.415+0400 [DEBUG] [org.gradle.launcher.daemon.server.Daemon] awaitExpiration() called on daemon
2023-02-23T19:34:44.415+0400 [DEBUG] [org.gradle.launcher.daemon.server.DaemonStateCoordinator] daemon is running. Sleeping until state changes.
2023-02-23T19:34:44.417+0400 [DEBUG] [org.gradle.internal.remote.internal.inet.TcpIncomingConnector] Accepted connection from /127.0.0.1:65232 to /127.0.0.1:65231.
2023-02-23T19:34:44.444+0400 [DEBUG] [org.gradle.launcher.daemon.server.SynchronizedDispatchConnection] thread 28: received class org.gradle.launcher.daemon.protocol.Build
2023-02-23T19:34:44.444+0400 [DEBUG] [org.gradle.launcher.daemon.server.DefaultDaemonConnection] thread 28: Received non-IO message from client: Build{id=fe15bb3f-2fe1-4cc5-92ab-40bbbbf312d3, currentDir=D:\Ivi\AndroidStudioProjects\EventoryBackup}
2023-02-23T19:34:44.444+0400 [INFO] [org.gradle.launcher.daemon.server.DefaultIncomingConnectionHandler] Received command: Build{id=fe15bb3f-2fe1-4cc5-92ab-40bbbbf312d3, currentDir=D:\Ivi\AndroidStudioProjects\EventoryBackup}.
2023-02-23T19:34:44.444+0400 [DEBUG] [org.gradle.launcher.daemon.server.DefaultIncomingConnectionHandler] Starting executing command: Build{id=fe15bb3f-2fe1-4cc5-92ab-40bbbbf312d3, currentDir=D:\Ivi\AndroidStudioProjects\EventoryBackup} with connection: socket connection from /127.0.0.1:65231 to /127.0.0.1:65232.
2023-02-23T19:34:44.446+0400 [DEBUG] [org.gradle.launcher.daemon.server.DaemonStateCoordinator] Command execution: started DaemonCommandExecution[command = Build{id=fe15bb3f-2fe1-4cc5-92ab-40bbbbf312d3, currentDir=D:\Ivi\AndroidStudioProjects\EventoryBackup}, connection = DefaultDaemonConnection: socket connection from /127.0.0.1:65231 to /127.0.0.1:65232] after 0.0 minutes of idle
2023-02-23T19:34:44.446+0400 [INFO] [org.gradle.launcher.daemon.server.DaemonRegistryUpdater] Marking the daemon as busy, address: [7a0e0345-0339-4219-90bc-6f1f9582657b port:65231, addresses:[localhost/127.0.0.1]]
2023-02-23T19:34:44.446+0400 [DEBUG] [org.gradle.launcher.daemon.registry.PersistentDaemonRegistry] Marking busy by address: [7a0e0345-0339-4219-90bc-6f1f9582657b port:65231, addresses:[localhost/127.0.0.1]]
2023-02-23T19:34:44.447+0400 [DEBUG] [org.gradle.cache.internal.DefaultFileLockManager] Waiting to acquire exclusive lock on daemon addresses registry.
2023-02-23T19:34:44.447+0400 [DEBUG] [org.gradle.cache.internal.DefaultFileLockManager] Lock acquired on daemon addresses registry.
2023-02-23T19:34:44.447+0400 [DEBUG] [org.gradle.cache.internal.DefaultFileLockManager] Releasing lock on daemon addresses registry.
2023-02-23T19:34:44.447+0400 [DEBUG] [org.gradle.launcher.daemon.server.DaemonStateCoordinator] resetting idle timer
2023-02-23T19:34:44.448+0400 [DEBUG] [org.gradle.launcher.daemon.server.DaemonStateCoordinator] daemon is running. Sleeping until state changes.
2023-02-23T19:34:44.448+0400 [INFO] [org.gradle.launcher.daemon.server.exec.StartBuildOrRespondWithBusy] Daemon is about to start building Build{id=fe15bb3f-2fe1-4cc5-92ab-40bbbbf312d3, currentDir=D:\Ivi\AndroidStudioProjects\EventoryBackup}. Dispatching build started information...
2023-02-23T19:34:44.448+0400 [DEBUG] [org.gradle.launcher.daemon.server.SynchronizedDispatchConnection] thread 30: dispatching org.gradle.launcher.daemon.protocol.BuildStarted@4f044df2
2023-02-23T19:34:44.449+0400 [DEBUG] [org.gradle.launcher.daemon.server.exec.EstablishBuildEnvironment] Configuring env variables: [USERDOMAIN_ROAMINGPROFILE, LOCALAPPDATA, PROCESSOR_LEVEL, USERDOMAIN, LOGONSERVER, JAVA_HOME, ALLUSERSPROFILE, INTEL_DEV_REDIST, PROCESSOR_ARCHITECTURE, MIC_LD_LIBRARY_PATH, RlsSvcPort, PSModulePath, SystemDrive, OneDrive, APPDATA, ACSvcPort, USERNAME, ProgramFiles(x86), CommonProgramFiles, Path, PATHEXT, DriverData, OS, COMPUTERNAME, IntelliJ IDEA Community Edition, PROCESSOR_REVISION, CommonProgramW6432, PyCharm Community Edition, ComSpec, ProgramData, GIT_LFS_PATH, ProgramW6432, HOMEPATH, SystemRoot, TEMP, PROCESSOR_IDENTIFIER, HOMEDRIVE, USERPROFILE, TMP, CommonProgramFiles(x86), ProgramFiles, PUBLIC, windir, NUMBER_OF_PROCESSORS, IDEA_INITIAL_DIRECTORY]
2023-02-23T19:34:44.451+0400 [DEBUG] [org.gradle.launcher.daemon.server.SynchronizedDispatchConnection] thread 28: received class org.gradle.launcher.daemon.protocol.CloseInput
2023-02-23T19:34:44.451+0400 [DEBUG] [org.gradle.launcher.daemon.server.DefaultDaemonConnection] thread 28: Received IO message from client: org.gradle.launcher.daemon.protocol.CloseInput@7ab2b679
2023-02-23T19:34:44.452+0400 [DEBUG] [org.gradle.launcher.daemon.server.exec.LogToClient] About to start relaying all logs to the client via the connection.
2023-02-23T19:34:44.452+0400 [INFO] [org.gradle.launcher.daemon.server.exec.LogToClient] The client will now receive all logging from the daemon (pid: 9928). The daemon log file: D:\Ivi\AndroidStudioProjects\Eventory\Eventory\daemon\7.6\daemon-9928.out.log
2023-02-23T19:34:44.453+0400 [INFO] [org.gradle.launcher.daemon.server.exec.LogAndCheckHealth] Starting build in new daemon [memory: 2 GiB]
2023-02-23T19:34:44.454+0400 [INFO] [org.gradle.launcher.daemon.server.exec.ForwardClientInput] Closing daemon's stdin at end of input.
2023-02-23T19:34:44.454+0400 [INFO] [org.gradle.launcher.daemon.server.exec.ForwardClientInput] The daemon will no longer process any standard input.
2023-02-23T19:34:44.457+0400 [DEBUG] [org.gradle.launcher.daemon.server.exec.ExecuteBuild] The daemon has started executing the build.
2023-02-23T19:34:44.457+0400 [DEBUG] [org.gradle.launcher.daemon.server.exec.ExecuteBuild] Executing build with daemon context: DefaultDaemonContext[uid=80bf0cc9-0227-47fc-866f-659912c585bb,javaHome=C:\Program Files\Android\Android Studio\jre,daemonRegistryDir=D:\Ivi\AndroidStudioProjects\Eventory\Eventory\daemon,pid=9928,idleTimeout=10800000,priority=NORMAL,daemonOpts=--add-opens=java.base/java.util=ALL-UNNAMED,--add-opens=java.base/java.lang=ALL-UNNAMED,--add-opens=java.base/java.lang.invoke=ALL-UNNAMED,--add-opens=java.prefs/java.util.prefs=ALL-UNNAMED,--add-opens=java.base/java.nio.charset=ALL-UNNAMED,--add-opens=java.base/java.net=ALL-UNNAMED,--add-opens=java.base/java.util.concurrent.atomic=ALL-UNNAMED,-Xmx2048m,-Dfile.encoding=UTF-8,-Duser.country=US,-Duser.language=en,-Duser.variant]

BUILD SUCCESSFUL in 4s
2 actionable tasks: 1 executed, 1 up-to-date
2023-02-23T19:34:48.325+0400 [DEBUG] [org.gradle.launcher.daemon.server.exec.ExecuteBuild] The daemon has finished executing the build.
2023-02-23T19:34:48.342+0400 [DEBUG] [org.gradle.launcher.daemon.server.DaemonStateCoordinator] daemon is running. Sleeping until state changes.
2023-02-23T19:34:48.342+0400 [DEBUG] [org.gradle.launcher.daemon.server.DaemonStateCoordinator] Command execution: finished waiting for DaemonCommandExecution[command = Build{id=fe15bb3f-2fe1-4cc5-92ab-40bbbbf312d3, currentDir=D:\Ivi\AndroidStudioProjects\EventoryBackup}, connection = DefaultDaemonConnection: socket connection from /127.0.0.1:65231 to /127.0.0.1:65232]. Result org.gradle.launcher.daemon.server.DaemonStateCoordinator@4e75f2d with state Busy
2023-02-23T19:34:48.342+0400 [DEBUG] [org.gradle.launcher.daemon.server.DaemonStateCoordinator] Command execution: completed DaemonCommandExecution[command = Build{id=fe15bb3f-2fe1-4cc5-92ab-40bbbbf312d3, currentDir=D:\Ivi\AndroidStudioProjects\EventoryBackup}, connection = DefaultDaemonConnection: socket connection from /127.0.0.1:65231 to /127.0.0.1:65232]
2023-02-23T19:34:48.342+0400 [DEBUG] [org.gradle.launcher.daemon.server.DaemonStateCoordinator] resetting idle timer
2023-02-23T19:34:48.342+0400 [INFO] [org.gradle.launcher.daemon.server.DaemonRegistryUpdater] Marking the daemon as idle, address: [7a0e0345-0339-4219-90bc-6f1f9582657b port:65231, addresses:[localhost/127.0.0.1]]
2023-02-23T19:34:48.342+0400 [DEBUG] [org.gradle.launcher.daemon.registry.PersistentDaemonRegistry] Marking busy by address: [7a0e0345-0339-4219-90bc-6f1f9582657b port:65231, addresses:[localhost/127.0.0.1]]
2023-02-23T19:34:48.343+0400 [DEBUG] [org.gradle.cache.internal.DefaultFileLockManager] Waiting to acquire exclusive lock on daemon addresses registry.
2023-02-23T19:34:48.343+0400 [DEBUG] [org.gradle.cache.internal.DefaultFileLockManager] Lock acquired on daemon addresses registry.
2023-02-23T19:34:48.343+0400 [DEBUG] [org.gradle.cache.internal.DefaultFileLockManager] Releasing lock on daemon addresses registry.
2023-02-23T19:34:48.344+0400 [DEBUG] [org.gradle.launcher.daemon.server.DaemonStateCoordinator] daemon is running. Sleeping until state changes.
2023-02-23T19:34:48.344+0400 [DEBUG] [org.gradle.launcher.daemon.server.exec.ReturnResult] Daemon is dispatching the build result: Success[value=org.gradle.launcher.exec.BuildActionResult@31138c0f]
2023-02-23T19:34:48.344+0400 [DEBUG] [org.gradle.launcher.daemon.server.SynchronizedDispatchConnection] thread 27: dispatching Success[value=org.gradle.launcher.exec.BuildActionResult@31138c0f]
2023-02-23T19:34:48.344+0400 [DEBUG] [org.gradle.launcher.daemon.server.DefaultIncomingConnectionHandler] Finishing executing command: Build{id=fe15bb3f-2fe1-4cc5-92ab-40bbbbf312d3, currentDir=D:\Ivi\AndroidStudioProjects\EventoryBackup}
2023-02-23T19:34:48.345+0400 [DEBUG] [org.gradle.launcher.daemon.server.SynchronizedDispatchConnection] thread 28: received class org.gradle.launcher.daemon.protocol.Finished
2023-02-23T19:34:48.345+0400 [DEBUG] [org.gradle.launcher.daemon.server.DefaultDaemonConnection] thread 28: Received non-IO message from client: org.gradle.launcher.daemon.protocol.Finished@41101586
2023-02-23T19:34:48.345+0400 [DEBUG] [org.gradle.launcher.daemon.server.DefaultIncomingConnectionHandler] Received finished message: org.gradle.launcher.daemon.protocol.Finished@41101586
2023-02-23T19:34:48.345+0400 [DEBUG] [org.gradle.launcher.daemon.server.SynchronizedDispatchConnection] thread 27: stopping connection
2023-02-23T19:34:48.346+0400 [DEBUG] [org.gradle.internal.remote.internal.inet.SocketConnection] Discarding EOFException: java.io.EOFException
2023-02-23T19:34:48.346+0400 [DEBUG] [org.gradle.launcher.daemon.server.SynchronizedDispatchConnection] thread 28: received null
2023-02-23T19:34:48.346+0400 [DEBUG] [org.gradle.launcher.daemon.server.DefaultDaemonConnection] thread 28: Received end-of-input from client.
2023-02-23T19:34:48.347+0400 [DEBUG] [org.gradle.launcher.daemon.server.SynchronizedDispatchConnection] thread 27: stopping connection
2023-02-23T19:34:54.424+0400 [DEBUG] [org.gradle.cache.internal.DefaultFileLockManager] Waiting to acquire shared lock on daemon addresses registry.
2023-02-23T19:34:54.425+0400 [DEBUG] [org.gradle.cache.internal.DefaultFileLockManager] Lock acquired on daemon addresses registry.
2023-02-23T19:34:54.426+0400 [DEBUG] [org.gradle.cache.internal.DefaultFileLockManager] Releasing lock on daemon addresses registry.
2023-02-23T19:34:54.428+0400 [DEBUG] [org.gradle.cache.internal.DefaultFileLockManager] Waiting to acquire shared lock on daemon addresses registry.
2023-02-23T19:34:54.428+0400 [DEBUG] [org.gradle.cache.internal.DefaultFileLockManager] Lock acquired on daemon addresses registry.
2023-02-23T19:34:54.428+0400 [DEBUG] [org.gradle.cache.internal.DefaultFileLockManager] Releasing lock on daemon addresses registry.
2023-02-23T19:35:04.431+0400 [DEBUG] [org.gradle.cache.internal.DefaultFileLockManager] Waiting to acquire shared lock on daemon addresses registry.
2023-02-23T19:35:04.431+0400 [DEBUG] [org.gradle.cache.internal.DefaultFileLockManager] Lock acquired on daemon addresses registry.
2023-02-23T19:35:04.432+0400 [DEBUG] [org.gradle.cache.internal.DefaultFileLockManager] Releasing lock on daemon addresses registry.
2023-02-23T19:35:04.436+0400 [DEBUG] [org.gradle.cache.internal.DefaultFileLockManager] Waiting to acquire shared lock on daemon addresses registry.
2023-02-23T19:35:04.436+0400 [DEBUG] [org.gradle.cache.internal.DefaultFileLockManager] Lock acquired on daemon addresses registry.
2023-02-23T19:35:04.437+0400 [DEBUG] [org.gradle.cache.internal.DefaultFileLockManager] Releasing lock on daemon addresses registry.
2023-02-23T19:35:04.438+0400 [DEBUG] [org.gradle.cache.internal.DefaultFileLockManager] Waiting to acquire shared lock on daemon addresses registry.
2023-02-23T19:35:04.438+0400 [DEBUG] [org.gradle.cache.internal.DefaultFileLockManager] Lock acquired on daemon addresses registry.
2023-02-23T19:35:04.438+0400 [DEBUG] [org.gradle.cache.internal.DefaultFileLockManager] Releasing lock on daemon addresses registry.
2023-02-23T19:35:14.423+0400 [DEBUG] [org.gradle.cache.internal.DefaultFileLockManager] Waiting to acquire shared lock on daemon addresses registry.
2023-02-23T19:35:14.423+0400 [DEBUG] [org.gradle.cache.internal.DefaultFileLockManager] Lock acquired on daemon addresses registry.
2023-02-23T19:35:14.423+0400 [DEBUG] [org.gradle.cache.internal.DefaultFileLockManager] Releasing lock on daemon addresses registry.
2023-02-23T19:35:14.424+0400 [DEBUG] [org.gradle.cache.internal.DefaultFileLockManager] Waiting to acquire shared lock on daemon addresses registry.
2023-02-23T19:35:14.424+0400 [DEBUG] [org.gradle.cache.internal.DefaultFileLockManager] Lock acquired on daemon addresses registry.
2023-02-23T19:35:14.424+0400 [DEBUG] [org.gradle.cache.internal.DefaultFileLockManager] Releasing lock on daemon addresses registry.
2023-02-23T19:35:14.424+0400 [DEBUG] [org.gradle.cache.internal.DefaultFileLockManager] Waiting to acquire shared lock on daemon addresses registry.
2023-02-23T19:35:14.424+0400 [DEBUG] [org.gradle.cache.internal.DefaultFileLockManager] Lock acquired on daemon addresses registry.
2023-02-23T19:35:14.425+0400 [DEBUG] [org.gradle.cache.internal.DefaultFileLockManager] Releasing lock on daemon addresses registry.
2023-02-23T19:35:24.425+0400 [DEBUG] [org.gradle.cache.internal.DefaultFileLockManager] Waiting to acquire shared lock on daemon addresses registry.
2023-02-23T19:35:24.425+0400 [DEBUG] [org.gradle.cache.internal.DefaultFileLockManager] Lock acquired on daemon addresses registry.
2023-02-23T19:35:24.426+0400 [DEBUG] [org.gradle.cache.internal.DefaultFileLockManager] Releasing lock on daemon addresses registry.
2023-02-23T19:35:24.428+0400 [DEBUG] [org.gradle.cache.internal.DefaultFileLockManager] Waiting to acquire shared lock on daemon addresses registry.
2023-02-23T19:35:24.428+0400 [DEBUG] [org.gradle.cache.internal.DefaultFileLockManager] Lock acquired on daemon addresses registry.
2023-02-23T19:35:24.429+0400 [DEBUG] [org.gradle.cache.internal.DefaultFileLockManager] Releasing lock on daemon addresses registry.
2023-02-23T19:35:24.429+0400 [DEBUG] [org.gradle.cache.internal.DefaultFileLockManager] Waiting to acquire shared lock on daemon addresses registry.
2023-02-23T19:35:24.429+0400 [DEBUG] [org.gradle.cache.internal.DefaultFileLockManager] Lock acquired on daemon addresses registry.
2023-02-23T19:35:24.429+0400 [DEBUG] [org.gradle.cache.internal.DefaultFileLockManager] Releasing lock on daemon addresses registry.
2023-02-23T19:35:34.417+0400 [DEBUG] [org.gradle.cache.internal.DefaultFileLockManager] Waiting to acquire shared lock on daemon addresses registry.
2023-02-23T19:35:34.417+0400 [DEBUG] [org.gradle.cache.internal.DefaultFileLockManager] Lock acquired on daemon addresses registry.
2023-02-23T19:35:34.417+0400 [DEBUG] [org.gradle.cache.internal.DefaultFileLockManager] Releasing lock on daemon addresses registry.
2023-02-23T19:35:34.418+0400 [DEBUG] [org.gradle.cache.internal.DefaultFileLockManager] Waiting to acquire shared lock on daemon addresses registry.
2023-02-23T19:35:34.418+0400 [DEBUG] [org.gradle.cache.internal.DefaultFileLockManager] Lock acquired on daemon addresses registry.
2023-02-23T19:35:34.418+0400 [DEBUG] [org.gradle.cache.internal.DefaultFileLockManager] Releasing lock on daemon addresses registry.
2023-02-23T19:35:34.418+0400 [DEBUG] [org.gradle.cache.internal.DefaultFileLockManager] Waiting to acquire shared lock on daemon addresses registry.
2023-02-23T19:35:34.418+0400 [DEBUG] [org.gradle.cache.internal.DefaultFileLockManager] Lock acquired on daemon addresses registry.
2023-02-23T19:35:34.418+0400 [DEBUG] [org.gradle.cache.internal.DefaultFileLockManager] Releasing lock on daemon addresses registry.
2023-02-23T19:35:44.428+0400 [DEBUG] [org.gradle.cache.internal.DefaultFileLockManager] Waiting to acquire shared lock on daemon addresses registry.
2023-02-23T19:35:44.428+0400 [DEBUG] [org.gradle.cache.internal.DefaultFileLockManager] Lock acquired on daemon addresses registry.
2023-02-23T19:35:44.428+0400 [DEBUG] [org.gradle.cache.internal.DefaultFileLockManager] Releasing lock on daemon addresses registry.
2023-02-23T19:35:44.428+0400 [DEBUG] [org.gradle.cache.internal.DefaultFileLockManager] Waiting to acquire shared lock on daemon addresses registry.
2023-02-23T19:35:44.429+0400 [DEBUG] [org.gradle.cache.internal.DefaultFileLockManager] Lock acquired on daemon addresses registry.
2023-02-23T19:35:44.429+0400 [DEBUG] [org.gradle.cache.internal.DefaultFileLockManager] Releasing lock on daemon addresses registry.
2023-02-23T19:35:44.429+0400 [DEBUG] [org.gradle.cache.internal.DefaultFileLockManager] Waiting to acquire shared lock on daemon addresses registry.
2023-02-23T19:35:44.429+0400 [DEBUG] [org.gradle.cache.internal.DefaultFileLockManager] Lock acquired on daemon addresses registry.
2023-02-23T19:35:44.429+0400 [DEBUG] [org.gradle.cache.internal.DefaultFileLockManager] Releasing lock on daemon addresses registry.
2023-02-23T19:35:54.423+0400 [DEBUG] [org.gradle.cache.internal.DefaultFileLockManager] Waiting to acquire shared lock on daemon addresses registry.
2023-02-23T19:35:54.424+0400 [DEBUG] [org.gradle.cache.internal.DefaultFileLockManager] Lock acquired on daemon addresses registry.
2023-02-23T19:35:54.425+0400 [DEBUG] [org.gradle.cache.internal.DefaultFileLockManager] Releasing lock on daemon addresses registry.
2023-02-23T19:35:54.428+0400 [DEBUG] [org.gradle.cache.internal.DefaultFileLockManager] Waiting to acquire shared lock on daemon addresses registry.
2023-02-23T19:35:54.428+0400 [DEBUG] [org.gradle.cache.internal.DefaultFileLockManager] Lock acquired on daemon addresses registry.
2023-02-23T19:35:54.428+0400 [DEBUG] [org.gradle.cache.internal.DefaultFileLockManager] Releasing lock on daemon addresses registry.
2023-02-23T19:35:54.429+0400 [DEBUG] [org.gradle.cache.internal.DefaultFileLockManager] Waiting to acquire shared lock on daemon addresses registry.
2023-02-23T19:35:54.429+0400 [DEBUG] [org.gradle.cache.internal.DefaultFileLockManager] Lock acquired on daemon addresses registry.
2023-02-23T19:35:54.429+0400 [DEBUG] [org.gradle.cache.internal.DefaultFileLockManager] Releasing lock on daemon addresses registry.
2023-02-23T19:36:04.428+0400 [DEBUG] [org.gradle.cache.internal.DefaultFileLockManager] Waiting to acquire shared lock on daemon addresses registry.
2023-02-23T19:36:04.429+0400 [DEBUG] [org.gradle.cache.internal.DefaultFileLockManager] Lock acquired on daemon addresses registry.
2023-02-23T19:36:04.430+0400 [DEBUG] [org.gradle.cache.internal.DefaultFileLockManager] Releasing lock on daemon addresses registry.
2023-02-23T19:36:04.433+0400 [DEBUG] [org.gradle.cache.internal.DefaultFileLockManager] Waiting to acquire shared lock on daemon addresses registry.
2023-02-23T19:36:04.433+0400 [DEBUG] [org.gradle.cache.internal.DefaultFileLockManager] Lock acquired on daemon addresses registry.
2023-02-23T19:36:04.434+0400 [DEBUG] [org.gradle.cache.internal.DefaultFileLockManager] Releasing lock on daemon addresses registry.
2023-02-23T19:36:04.434+0400 [DEBUG] [org.gradle.cache.internal.DefaultFileLockManager] Waiting to acquire shared lock on daemon addresses registry.
2023-02-23T19:36:04.434+0400 [DEBUG] [org.gradle.cache.internal.DefaultFileLockManager] Lock acquired on daemon addresses registry.
2023-02-23T19:36:04.434+0400 [DEBUG] [org.gradle.cache.internal.DefaultFileLockManager] Releasing lock on daemon addresses registry.
2023-02-23T19:36:14.417+0400 [DEBUG] [org.gradle.cache.internal.DefaultFileLockManager] Waiting to acquire shared lock on daemon addresses registry.
2023-02-23T19:36:14.417+0400 [DEBUG] [org.gradle.cache.internal.DefaultFileLockManager] Lock acquired on daemon addresses registry.
2023-02-23T19:36:14.418+0400 [DEBUG] [org.gradle.cache.internal.DefaultFileLockManager] Releasing lock on daemon addresses registry.
2023-02-23T19:36:14.420+0400 [DEBUG] [org.gradle.cache.internal.DefaultFileLockManager] Waiting to acquire shared lock on daemon addresses registry.
2023-02-23T19:36:14.420+0400 [DEBUG] [org.gradle.cache.internal.DefaultFileLockManager] Lock acquired on daemon addresses registry.
2023-02-23T19:36:14.421+0400 [DEBUG] [org.gradle.cache.internal.DefaultFileLockManager] Releasing lock on daemon addresses registry.
2023-02-23T19:36:14.421+0400 [DEBUG] [org.gradle.cache.internal.DefaultFileLockManager] Waiting to acquire shared lock on daemon addresses registry.
2023-02-23T19:36:14.422+0400 [DEBUG] [org.gradle.cache.internal.DefaultFileLockManager] Lock acquired on daemon addresses registry.
2023-02-23T19:36:14.422+0400 [DEBUG] [org.gradle.cache.internal.DefaultFileLockManager] Releasing lock on daemon addresses registry.
2023-02-23T19:36:24.422+0400 [DEBUG] [org.gradle.cache.internal.DefaultFileLockManager] Waiting to acquire shared lock on daemon addresses registry.
2023-02-23T19:36:24.422+0400 [DEBUG] [org.gradle.cache.internal.DefaultFileLockManager] Lock acquired on daemon addresses registry.
2023-02-23T19:36:24.423+0400 [DEBUG] [org.gradle.cache.internal.DefaultFileLockManager] Releasing lock on daemon addresses registry.
2023-02-23T19:36:24.425+0400 [DEBUG] [org.gradle.cache.internal.DefaultFileLockManager] Waiting to acquire shared lock on daemon addresses registry.
2023-02-23T19:36:24.426+0400 [DEBUG] [org.gradle.cache.internal.DefaultFileLockManager] Lock acquired on daemon addresses registry.
2023-02-23T19:36:24.426+0400 [DEBUG] [org.gradle.cache.internal.DefaultFileLockManager] Releasing lock on daemon addresses registry.
2023-02-23T19:36:24.426+0400 [DEBUG] [org.gradle.cache.internal.DefaultFileLockManager] Waiting to acquire shared lock on daemon addresses registry.
2023-02-23T19:36:24.426+0400 [DEBUG] [org.gradle.cache.internal.DefaultFileLockManager] Lock acquired on daemon addresses registry.
2023-02-23T19:36:24.426+0400 [DEBUG] [org.gradle.cache.internal.DefaultFileLockManager] Releasing lock on daemon addresses registry.
2023-02-23T19:36:34.420+0400 [DEBUG] [org.gradle.cache.internal.DefaultFileLockManager] Waiting to acquire shared lock on daemon addresses registry.
2023-02-23T19:36:34.420+0400 [DEBUG] [org.gradle.cache.internal.DefaultFileLockManager] Lock acquired on daemon addresses registry.
2023-02-23T19:36:34.421+0400 [DEBUG] [org.gradle.cache.internal.DefaultFileLockManager] Releasing lock on daemon addresses registry.
2023-02-23T19:36:34.421+0400 [DEBUG] [org.gradle.cache.internal.DefaultFileLockManager] Waiting to acquire shared lock on daemon addresses registry.
2023-02-23T19:36:34.421+0400 [DEBUG] [org.gradle.cache.internal.DefaultFileLockManager] Lock acquired on daemon addresses registry.
2023-02-23T19:36:34.421+0400 [DEBUG] [org.gradle.cache.internal.DefaultFileLockManager] Releasing lock on daemon addresses registry.
2023-02-23T19:36:34.421+0400 [DEBUG] [org.gradle.cache.internal.DefaultFileLockManager] Waiting to acquire shared lock on daemon addresses registry.
2023-02-23T19:36:34.422+0400 [DEBUG] [org.gradle.cache.internal.DefaultFileLockManager] Lock acquired on daemon addresses registry.
2023-02-23T19:36:34.422+0400 [DEBUG] [org.gradle.cache.internal.DefaultFileLockManager] Releasing lock on daemon addresses registry.
2023-02-23T19:36:44.418+0400 [DEBUG] [org.gradle.cache.internal.DefaultFileLockManager] Waiting to acquire shared lock on daemon addresses registry.
2023-02-23T19:36:44.418+0400 [DEBUG] [org.gradle.cache.internal.DefaultFileLockManager] Lock acquired on daemon addresses registry.
2023-02-23T19:36:44.418+0400 [DEBUG] [org.gradle.cache.internal.DefaultFileLockManager] Releasing lock on daemon addresses registry.
2023-02-23T19:36:44.419+0400 [DEBUG] [org.gradle.cache.internal.DefaultFileLockManager] Waiting to acquire shared lock on daemon addresses registry.
2023-02-23T19:36:44.419+0400 [DEBUG] [org.gradle.cache.internal.DefaultFileLockManager] Lock acquired on daemon addresses registry.
2023-02-23T19:36:44.419+0400 [DEBUG] [org.gradle.cache.internal.DefaultFileLockManager] Releasing lock on daemon addresses registry.
2023-02-23T19:36:44.419+0400 [DEBUG] [org.gradle.cache.internal.DefaultFileLockManager] Waiting to acquire shared lock on daemon addresses registry.
2023-02-23T19:36:44.419+0400 [DEBUG] [org.gradle.cache.internal.DefaultFileLockManager] Lock acquired on daemon addresses registry.
2023-02-23T19:36:44.419+0400 [DEBUG] [org.gradle.cache.internal.DefaultFileLockManager] Releasing lock on daemon addresses registry.
2023-02-23T19:36:54.426+0400 [DEBUG] [org.gradle.cache.internal.DefaultFileLockManager] Waiting to acquire shared lock on daemon addresses registry.
2023-02-23T19:36:54.426+0400 [DEBUG] [org.gradle.cache.internal.DefaultFileLockManager] Lock acquired on daemon addresses registry.
2023-02-23T19:36:54.426+0400 [DEBUG] [org.gradle.cache.internal.DefaultFileLockManager] Releasing lock on daemon addresses registry.
2023-02-23T19:36:54.427+0400 [DEBUG] [org.gradle.cache.internal.DefaultFileLockManager] Waiting to acquire shared lock on daemon addresses registry.
2023-02-23T19:36:54.427+0400 [DEBUG] [org.gradle.cache.internal.DefaultFileLockManager] Lock acquired on daemon addresses registry.
2023-02-23T19:36:54.427+0400 [DEBUG] [org.gradle.cache.internal.DefaultFileLockManager] Releasing lock on daemon addresses registry.
2023-02-23T19:36:54.427+0400 [DEBUG] [org.gradle.cache.internal.DefaultFileLockManager] Waiting to acquire shared lock on daemon addresses registry.
2023-02-23T19:36:54.427+0400 [DEBUG] [org.gradle.cache.internal.DefaultFileLockManager] Lock acquired on daemon addresses registry.
2023-02-23T19:36:54.427+0400 [DEBUG] [org.gradle.cache.internal.DefaultFileLockManager] Releasing lock on daemon addresses registry.
2023-02-23T19:37:04.420+0400 [DEBUG] [org.gradle.cache.internal.DefaultFileLockManager] Waiting to acquire shared lock on daemon addresses registry.
2023-02-23T19:37:04.420+0400 [DEBUG] [org.gradle.cache.internal.DefaultFileLockManager] Lock acquired on daemon addresses registry.
2023-02-23T19:37:04.421+0400 [DEBUG] [org.gradle.cache.internal.DefaultFileLockManager] Releasing lock on daemon addresses registry.
2023-02-23T19:37:04.422+0400 [DEBUG] [org.gradle.cache.internal.DefaultFileLockManager] Waiting to acquire shared lock on daemon addresses registry.
2023-02-23T19:37:04.422+0400 [DEBUG] [org.gradle.cache.internal.DefaultFileLockManager] Lock acquired on daemon addresses registry.
2023-02-23T19:37:04.423+0400 [DEBUG] [org.gradle.cache.internal.DefaultFileLockManager] Releasing lock on daemon addresses registry.
2023-02-23T19:37:04.423+0400 [DEBUG] [org.gradle.cache.internal.DefaultFileLockManager] Waiting to acquire shared lock on daemon addresses registry.
2023-02-23T19:37:04.423+0400 [DEBUG] [org.gradle.cache.internal.DefaultFileLockManager] Lock acquired on daemon addresses registry.
2023-02-23T19:37:04.423+0400 [DEBUG] [org.gradle.cache.internal.DefaultFileLockManager] Releasing lock on daemon addresses registry.
2023-02-23T19:37:14.419+0400 [DEBUG] [org.gradle.cache.internal.DefaultFileLockManager] Waiting to acquire shared lock on daemon addresses registry.
2023-02-23T19:37:14.419+0400 [DEBUG] [org.gradle.cache.internal.DefaultFileLockManager] Lock acquired on daemon addresses registry.
2023-02-23T19:37:14.419+0400 [DEBUG] [org.gradle.cache.internal.DefaultFileLockManager] Releasing lock on daemon addresses registry.
2023-02-23T19:37:14.420+0400 [DEBUG] [org.gradle.cache.internal.DefaultFileLockManager] Waiting to acquire shared lock on daemon addresses registry.
2023-02-23T19:37:14.420+0400 [DEBUG] [org.gradle.cache.internal.DefaultFileLockManager] Lock acquired on daemon addresses registry.
2023-02-23T19:37:14.420+0400 [DEBUG] [org.gradle.cache.internal.DefaultFileLockManager] Releasing lock on daemon addresses registry.
2023-02-23T19:37:14.420+0400 [DEBUG] [org.gradle.cache.internal.DefaultFileLockManager] Waiting to acquire shared lock on daemon addresses registry.
2023-02-23T19:37:14.420+0400 [DEBUG] [org.gradle.cache.internal.DefaultFileLockManager] Lock acquired on daemon addresses registry.
2023-02-23T19:37:14.420+0400 [DEBUG] [org.gradle.cache.internal.DefaultFileLockManager] Releasing lock on daemon addresses registry.
2023-02-23T19:37:24.420+0400 [DEBUG] [org.gradle.cache.internal.DefaultFileLockManager] Waiting to acquire shared lock on daemon addresses registry.
2023-02-23T19:37:24.421+0400 [DEBUG] [org.gradle.cache.internal.DefaultFileLockManager] Lock acquired on daemon addresses registry.
2023-02-23T19:37:24.422+0400 [DEBUG] [org.gradle.cache.internal.DefaultFileLockManager] Releasing lock on daemon addresses registry.
2023-02-23T19:37:24.424+0400 [DEBUG] [org.gradle.cache.internal.DefaultFileLockManager] Waiting to acquire shared lock on daemon addresses registry.
2023-02-23T19:37:24.425+0400 [DEBUG] [org.gradle.cache.internal.DefaultFileLockManager] Lock acquired on daemon addresses registry.
2023-02-23T19:37:24.425+0400 [DEBUG] [org.gradle.cache.internal.DefaultFileLockManager] Releasing lock on daemon addresses registry.
2023-02-23T19:37:24.426+0400 [DEBUG] [org.gradle.cache.internal.DefaultFileLockManager] Waiting to acquire shared lock on daemon addresses registry.
2023-02-23T19:37:24.427+0400 [DEBUG] [org.gradle.cache.internal.DefaultFileLockManager] Lock acquired on daemon addresses registry.
2023-02-23T19:37:24.427+0400 [DEBUG] [org.gradle.cache.internal.DefaultFileLockManager] Releasing lock on daemon addresses registry.
2023-02-23T19:37:34.421+0400 [DEBUG] [org.gradle.cache.internal.DefaultFileLockManager] Waiting to acquire shared lock on daemon addresses registry.
2023-02-23T19:37:34.421+0400 [DEBUG] [org.gradle.cache.internal.DefaultFileLockManager] Lock acquired on daemon addresses registry.
2023-02-23T19:37:34.421+0400 [DEBUG] [org.gradle.cache.internal.DefaultFileLockManager] Releasing lock on daemon addresses registry.
2023-02-23T19:37:34.421+0400 [DEBUG] [org.gradle.cache.internal.DefaultFileLockManager] Waiting to acquire shared lock on daemon addresses registry.
2023-02-23T19:37:34.421+0400 [DEBUG] [org.gradle.cache.internal.DefaultFileLockManager] Lock acquired on daemon addresses registry.
2023-02-23T19:37:34.422+0400 [DEBUG] [org.gradle.cache.internal.DefaultFileLockManager] Releasing lock on daemon addresses registry.
2023-02-23T19:37:34.422+0400 [DEBUG] [org.gradle.cache.internal.DefaultFileLockManager] Waiting to acquire shared lock on daemon addresses registry.
2023-02-23T19:37:34.422+0400 [DEBUG] [org.gradle.cache.internal.DefaultFileLockManager] Lock acquired on daemon addresses registry.
2023-02-23T19:37:34.422+0400 [DEBUG] [org.gradle.cache.internal.DefaultFileLockManager] Releasing lock on daemon addresses registry.
2023-02-23T19:37:44.430+0400 [DEBUG] [org.gradle.cache.internal.DefaultFileLockManager] Waiting to acquire shared lock on daemon addresses registry.
2023-02-23T19:37:44.430+0400 [DEBUG] [org.gradle.cache.internal.DefaultFileLockManager] Lock acquired on daemon addresses registry.
2023-02-23T19:37:44.431+0400 [DEBUG] [org.gradle.cache.internal.DefaultFileLockManager] Releasing lock on daemon addresses registry.
2023-02-23T19:37:44.433+0400 [DEBUG] [org.gradle.cache.internal.DefaultFileLockManager] Waiting to acquire shared lock on daemon addresses registry.
2023-02-23T19:37:44.434+0400 [DEBUG] [org.gradle.cache.internal.DefaultFileLockManager] Lock acquired on daemon addresses registry.
2023-02-23T19:37:44.434+0400 [DEBUG] [org.gradle.cache.internal.DefaultFileLockManager] Releasing lock on daemon addresses registry.
2023-02-23T19:37:44.435+0400 [DEBUG] [org.gradle.cache.internal.DefaultFileLockManager] Waiting to acquire shared lock on daemon addresses registry.
2023-02-23T19:37:44.435+0400 [DEBUG] [org.gradle.cache.internal.DefaultFileLockManager] Lock acquired on daemon addresses registry.
2023-02-23T19:37:44.435+0400 [DEBUG] [org.gradle.cache.internal.DefaultFileLockManager] Releasing lock on daemon addresses registry.
2023-02-23T19:37:54.419+0400 [DEBUG] [org.gradle.cache.internal.DefaultFileLockManager] Waiting to acquire shared lock on daemon addresses registry.
2023-02-23T19:37:54.419+0400 [DEBUG] [org.gradle.cache.internal.DefaultFileLockManager] Lock acquired on daemon addresses registry.
2023-02-23T19:37:54.420+0400 [DEBUG] [org.gradle.cache.internal.DefaultFileLockManager] Releasing lock on daemon addresses registry.
2023-02-23T19:37:54.422+0400 [DEBUG] [org.gradle.cache.internal.DefaultFileLockManager] Waiting to acquire shared lock on daemon addresses registry.
2023-02-23T19:37:54.423+0400 [DEBUG] [org.gradle.cache.internal.DefaultFileLockManager] Lock acquired on daemon addresses registry.
2023-02-23T19:37:54.423+0400 [DEBUG] [org.gradle.cache.internal.DefaultFileLockManager] Releasing lock on daemon addresses registry.
2023-02-23T19:37:54.423+0400 [DEBUG] [org.gradle.cache.internal.DefaultFileLockManager] Waiting to acquire shared lock on daemon addresses registry.
2023-02-23T19:37:54.423+0400 [DEBUG] [org.gradle.cache.internal.DefaultFileLockManager] Lock acquired on daemon addresses registry.
2023-02-23T19:37:54.424+0400 [DEBUG] [org.gradle.cache.internal.DefaultFileLockManager] Releasing lock on daemon addresses registry.
2023-02-23T19:37:57.239+0400 [DEBUG] [org.gradle.internal.remote.internal.inet.TcpIncomingConnector] Accepted connection from /127.0.0.1:65264 to /127.0.0.1:65231.
2023-02-23T19:37:57.240+0400 [DEBUG] [org.gradle.launcher.daemon.server.SynchronizedDispatchConnection] thread 221: received class org.gradle.launcher.daemon.protocol.Build
2023-02-23T19:37:57.240+0400 [DEBUG] [org.gradle.launcher.daemon.server.DefaultDaemonConnection] thread 221: Received non-IO message from client: Build{id=926a0870-fa1e-43d5-a75f-25ff959d8383, currentDir=D:\Ivi\AndroidStudioProjects\Eventory\Eventory}
2023-02-23T19:37:57.241+0400 [INFO] [org.gradle.launcher.daemon.server.DefaultIncomingConnectionHandler] Received command: Build{id=926a0870-fa1e-43d5-a75f-25ff959d8383, currentDir=D:\Ivi\AndroidStudioProjects\Eventory\Eventory}.
2023-02-23T19:37:57.241+0400 [DEBUG] [org.gradle.launcher.daemon.server.DefaultIncomingConnectionHandler] Starting executing command: Build{id=926a0870-fa1e-43d5-a75f-25ff959d8383, currentDir=D:\Ivi\AndroidStudioProjects\Eventory\Eventory} with connection: socket connection from /127.0.0.1:65231 to /127.0.0.1:65264.
2023-02-23T19:37:57.241+0400 [DEBUG] [org.gradle.launcher.daemon.server.DaemonStateCoordinator] Command execution: started DaemonCommandExecution[command = Build{id=926a0870-fa1e-43d5-a75f-25ff959d8383, currentDir=D:\Ivi\AndroidStudioProjects\Eventory\Eventory}, connection = DefaultDaemonConnection: socket connection from /127.0.0.1:65231 to /127.0.0.1:65264] after 3.0 minutes of idle
2023-02-23T19:37:57.241+0400 [INFO] [org.gradle.launcher.daemon.server.DaemonRegistryUpdater] Marking the daemon as busy, address: [7a0e0345-0339-4219-90bc-6f1f9582657b port:65231, addresses:[localhost/127.0.0.1]]
2023-02-23T19:37:57.241+0400 [DEBUG] [org.gradle.launcher.daemon.registry.PersistentDaemonRegistry] Marking busy by address: [7a0e0345-0339-4219-90bc-6f1f9582657b port:65231, addresses:[localhost/127.0.0.1]]
2023-02-23T19:37:57.241+0400 [DEBUG] [org.gradle.cache.internal.DefaultFileLockManager] Waiting to acquire exclusive lock on daemon addresses registry.
2023-02-23T19:37:57.241+0400 [DEBUG] [org.gradle.cache.internal.DefaultFileLockManager] Lock acquired on daemon addresses registry.
2023-02-23T19:37:57.242+0400 [DEBUG] [org.gradle.cache.internal.DefaultFileLockManager] Releasing lock on daemon addresses registry.
2023-02-23T19:37:57.242+0400 [DEBUG] [org.gradle.launcher.daemon.server.DaemonStateCoordinator] resetting idle timer
2023-02-23T19:37:57.242+0400 [DEBUG] [org.gradle.launcher.daemon.server.DaemonStateCoordinator] daemon is running. Sleeping until state changes.
2023-02-23T19:37:57.242+0400 [INFO] [org.gradle.launcher.daemon.server.exec.StartBuildOrRespondWithBusy] Daemon is about to start building Build{id=926a0870-fa1e-43d5-a75f-25ff959d8383, currentDir=D:\Ivi\AndroidStudioProjects\Eventory\Eventory}. Dispatching build started information...
2023-02-23T19:37:57.242+0400 [DEBUG] [org.gradle.launcher.daemon.server.SynchronizedDispatchConnection] thread 223: dispatching org.gradle.launcher.daemon.protocol.BuildStarted@3df92b25
2023-02-23T19:37:57.243+0400 [DEBUG] [org.gradle.launcher.daemon.server.exec.EstablishBuildEnvironment] Configuring env variables: [USERDOMAIN_ROAMINGPROFILE, LOCALAPPDATA, PROCESSOR_LEVEL, USERDOMAIN, LOGONSERVER, JAVA_HOME, ALLUSERSPROFILE, INTEL_DEV_REDIST, PROCESSOR_ARCHITECTURE, MIC_LD_LIBRARY_PATH, RlsSvcPort, PSModulePath, SystemDrive, OneDrive, APPDATA, ACSvcPort, USERNAME, ProgramFiles(x86), CommonProgramFiles, Path, PATHEXT, DriverData, OS, COMPUTERNAME, IntelliJ IDEA Community Edition, PROCESSOR_REVISION, CommonProgramW6432, PyCharm Community Edition, ComSpec, ProgramData, GIT_LFS_PATH, ProgramW6432, HOMEPATH, SystemRoot, TEMP, PROCESSOR_IDENTIFIER, HOMEDRIVE, USERPROFILE, TMP, CommonProgramFiles(x86), ProgramFiles, PUBLIC, windir, NUMBER_OF_PROCESSORS, IDEA_INITIAL_DIRECTORY]
2023-02-23T19:37:57.243+0400 [DEBUG] [org.gradle.launcher.daemon.server.SynchronizedDispatchConnection] thread 221: received class org.gradle.launcher.daemon.protocol.CloseInput
2023-02-23T19:37:57.243+0400 [DEBUG] [org.gradle.launcher.daemon.server.DefaultDaemonConnection] thread 221: Received IO message from client: org.gradle.launcher.daemon.protocol.CloseInput@7f21add8
2023-02-23T19:37:57.243+0400 [DEBUG] [org.gradle.launcher.daemon.server.exec.LogToClient] About to start relaying all logs to the client via the connection.
2023-02-23T19:37:57.243+0400 [INFO] [org.gradle.launcher.daemon.server.exec.LogToClient] The client will now receive all logging from the daemon (pid: 9928). The daemon log file: D:\Ivi\AndroidStudioProjects\Eventory\Eventory\daemon\7.6\daemon-9928.out.log
2023-02-23T19:37:57.244+0400 [INFO] [org.gradle.launcher.daemon.server.exec.LogAndCheckHealth] Starting 2nd build in daemon [uptime: 3 mins 13.107 secs, performance: 99%]
2023-02-23T19:37:57.244+0400 [DEBUG] [org.gradle.launcher.daemon.server.exec.ExecuteBuild] The daemon has started executing the build.
2023-02-23T19:37:57.244+0400 [INFO] [org.gradle.launcher.daemon.server.exec.ForwardClientInput] Closing daemon's stdin at end of input.
2023-02-23T19:37:57.244+0400 [DEBUG] [org.gradle.launcher.daemon.server.exec.ExecuteBuild] Executing build with daemon context: DefaultDaemonContext[uid=80bf0cc9-0227-47fc-866f-659912c585bb,javaHome=C:\Program Files\Android\Android Studio\jre,daemonRegistryDir=D:\Ivi\AndroidStudioProjects\Eventory\Eventory\daemon,pid=9928,idleTimeout=10800000,priority=NORMAL,daemonOpts=--add-opens=java.base/java.util=ALL-UNNAMED,--add-opens=java.base/java.lang=ALL-UNNAMED,--add-opens=java.base/java.lang.invoke=ALL-UNNAMED,--add-opens=java.prefs/java.util.prefs=ALL-UNNAMED,--add-opens=java.base/java.nio.charset=ALL-UNNAMED,--add-opens=java.base/java.net=ALL-UNNAMED,--add-opens=java.base/java.util.concurrent.atomic=ALL-UNNAMED,-Xmx2048m,-Dfile.encoding=UTF-8,-Duser.country=US,-Duser.language=en,-Duser.variant]
2023-02-23T19:37:57.244+0400 [INFO] [org.gradle.launcher.daemon.server.exec.ForwardClientInput] The daemon will no longer process any standard input.

BUILD SUCCESSFUL in 575ms
2 actionable tasks: 1 executed, 1 up-to-date
2023-02-23T19:37:57.830+0400 [DEBUG] [org.gradle.launcher.daemon.server.exec.ExecuteBuild] The daemon has finished executing the build.
2023-02-23T19:37:57.847+0400 [DEBUG] [org.gradle.launcher.daemon.server.DaemonStateCoordinator] daemon is running. Sleeping until state changes.
2023-02-23T19:37:57.847+0400 [DEBUG] [org.gradle.launcher.daemon.server.DaemonStateCoordinator] Command execution: finished waiting for DaemonCommandExecution[command = Build{id=926a0870-fa1e-43d5-a75f-25ff959d8383, currentDir=D:\Ivi\AndroidStudioProjects\Eventory\Eventory}, connection = DefaultDaemonConnection: socket connection from /127.0.0.1:65231 to /127.0.0.1:65264]. Result org.gradle.launcher.daemon.server.DaemonStateCoordinator@4e75f2d with state Busy
2023-02-23T19:37:57.847+0400 [DEBUG] [org.gradle.launcher.daemon.server.DaemonStateCoordinator] Command execution: completed DaemonCommandExecution[command = Build{id=926a0870-fa1e-43d5-a75f-25ff959d8383, currentDir=D:\Ivi\AndroidStudioProjects\Eventory\Eventory}, connection = DefaultDaemonConnection: socket connection from /127.0.0.1:65231 to /127.0.0.1:65264]
2023-02-23T19:37:57.847+0400 [DEBUG] [org.gradle.launcher.daemon.server.DaemonStateCoordinator] resetting idle timer
2023-02-23T19:37:57.847+0400 [INFO] [org.gradle.launcher.daemon.server.DaemonRegistryUpdater] Marking the daemon as idle, address: [7a0e0345-0339-4219-90bc-6f1f9582657b port:65231, addresses:[localhost/127.0.0.1]]
2023-02-23T19:37:57.847+0400 [DEBUG] [org.gradle.launcher.daemon.registry.PersistentDaemonRegistry] Marking busy by address: [7a0e0345-0339-4219-90bc-6f1f9582657b port:65231, addresses:[localhost/127.0.0.1]]
2023-02-23T19:37:57.847+0400 [DEBUG] [org.gradle.cache.internal.DefaultFileLockManager] Waiting to acquire exclusive lock on daemon addresses registry.
2023-02-23T19:37:57.847+0400 [DEBUG] [org.gradle.cache.internal.DefaultFileLockManager] Lock acquired on daemon addresses registry.
2023-02-23T19:37:57.848+0400 [DEBUG] [org.gradle.cache.internal.DefaultFileLockManager] Releasing lock on daemon addresses registry.
2023-02-23T19:37:57.848+0400 [DEBUG] [org.gradle.launcher.daemon.server.DaemonStateCoordinator] daemon is running. Sleeping until state changes.
2023-02-23T19:37:57.848+0400 [DEBUG] [org.gradle.launcher.daemon.server.exec.ReturnResult] Daemon is dispatching the build result: Success[value=org.gradle.launcher.exec.BuildActionResult@76c47617]
2023-02-23T19:37:57.848+0400 [DEBUG] [org.gradle.launcher.daemon.server.SynchronizedDispatchConnection] thread 220: dispatching Success[value=org.gradle.launcher.exec.BuildActionResult@76c47617]
2023-02-23T19:37:57.848+0400 [DEBUG] [org.gradle.launcher.daemon.server.DefaultIncomingConnectionHandler] Finishing executing command: Build{id=926a0870-fa1e-43d5-a75f-25ff959d8383, currentDir=D:\Ivi\AndroidStudioProjects\Eventory\Eventory}
2023-02-23T19:37:57.848+0400 [DEBUG] [org.gradle.launcher.daemon.server.SynchronizedDispatchConnection] thread 221: received class org.gradle.launcher.daemon.protocol.Finished
2023-02-23T19:37:57.848+0400 [DEBUG] [org.gradle.launcher.daemon.server.DefaultDaemonConnection] thread 221: Received non-IO message from client: org.gradle.launcher.daemon.protocol.Finished@71e64c4c
2023-02-23T19:37:57.848+0400 [DEBUG] [org.gradle.launcher.daemon.server.DefaultIncomingConnectionHandler] Received finished message: org.gradle.launcher.daemon.protocol.Finished@71e64c4c
2023-02-23T19:37:57.848+0400 [DEBUG] [org.gradle.launcher.daemon.server.SynchronizedDispatchConnection] thread 220: stopping connection
2023-02-23T19:37:57.848+0400 [DEBUG] [org.gradle.internal.remote.internal.inet.SocketConnection] Discarding EOFException: java.io.EOFException
2023-02-23T19:37:57.849+0400 [DEBUG] [org.gradle.launcher.daemon.server.SynchronizedDispatchConnection] thread 221: received null
2023-02-23T19:37:57.849+0400 [DEBUG] [org.gradle.launcher.daemon.server.DefaultDaemonConnection] thread 221: Received end-of-input from client.
2023-02-23T19:37:57.849+0400 [DEBUG] [org.gradle.launcher.daemon.server.SynchronizedDispatchConnection] thread 220: stopping connection
2023-02-23T19:38:02.033+0400 [DEBUG] [org.gradle.internal.remote.internal.inet.TcpIncomingConnector] Accepted connection from /127.0.0.1:65269 to /127.0.0.1:65231.
2023-02-23T19:38:02.035+0400 [DEBUG] [org.gradle.launcher.daemon.server.SynchronizedDispatchConnection] thread 389: received class org.gradle.launcher.daemon.protocol.Build
2023-02-23T19:38:02.035+0400 [DEBUG] [org.gradle.launcher.daemon.server.DefaultDaemonConnection] thread 389: Received non-IO message from client: Build{id=4cef47a0-3581-422b-936e-5d312c5c98ba, currentDir=D:\Ivi\AndroidStudioProjects\Eventory\Eventory}
2023-02-23T19:38:02.035+0400 [INFO] [org.gradle.launcher.daemon.server.DefaultIncomingConnectionHandler] Received command: Build{id=4cef47a0-3581-422b-936e-5d312c5c98ba, currentDir=D:\Ivi\AndroidStudioProjects\Eventory\Eventory}.
2023-02-23T19:38:02.035+0400 [DEBUG] [org.gradle.launcher.daemon.server.DefaultIncomingConnectionHandler] Starting executing command: Build{id=4cef47a0-3581-422b-936e-5d312c5c98ba, currentDir=D:\Ivi\AndroidStudioProjects\Eventory\Eventory} with connection: socket connection from /127.0.0.1:65231 to /127.0.0.1:65269.
2023-02-23T19:38:02.035+0400 [DEBUG] [org.gradle.launcher.daemon.server.DaemonStateCoordinator] Command execution: started DaemonCommandExecution[command = Build{id=4cef47a0-3581-422b-936e-5d312c5c98ba, currentDir=D:\Ivi\AndroidStudioProjects\Eventory\Eventory}, connection = DefaultDaemonConnection: socket connection from /127.0.0.1:65231 to /127.0.0.1:65269] after 0.0 minutes of idle
2023-02-23T19:38:02.035+0400 [INFO] [org.gradle.launcher.daemon.server.DaemonRegistryUpdater] Marking the daemon as busy, address: [7a0e0345-0339-4219-90bc-6f1f9582657b port:65231, addresses:[localhost/127.0.0.1]]
2023-02-23T19:38:02.035+0400 [DEBUG] [org.gradle.launcher.daemon.registry.PersistentDaemonRegistry] Marking busy by address: [7a0e0345-0339-4219-90bc-6f1f9582657b port:65231, addresses:[localhost/127.0.0.1]]
2023-02-23T19:38:02.036+0400 [DEBUG] [org.gradle.cache.internal.DefaultFileLockManager] Waiting to acquire exclusive lock on daemon addresses registry.
2023-02-23T19:38:02.036+0400 [DEBUG] [org.gradle.cache.internal.DefaultFileLockManager] Lock acquired on daemon addresses registry.
2023-02-23T19:38:02.036+0400 [DEBUG] [org.gradle.cache.internal.DefaultFileLockManager] Releasing lock on daemon addresses registry.
2023-02-23T19:38:02.036+0400 [DEBUG] [org.gradle.launcher.daemon.server.DaemonStateCoordinator] resetting idle timer
2023-02-23T19:38:02.036+0400 [DEBUG] [org.gradle.launcher.daemon.server.DaemonStateCoordinator] daemon is running. Sleeping until state changes.
2023-02-23T19:38:02.036+0400 [INFO] [org.gradle.launcher.daemon.server.exec.StartBuildOrRespondWithBusy] Daemon is about to start building Build{id=4cef47a0-3581-422b-936e-5d312c5c98ba, currentDir=D:\Ivi\AndroidStudioProjects\Eventory\Eventory}. Dispatching build started information...
2023-02-23T19:38:02.036+0400 [DEBUG] [org.gradle.launcher.daemon.server.SynchronizedDispatchConnection] thread 223: dispatching org.gradle.launcher.daemon.protocol.BuildStarted@7138b0f2
2023-02-23T19:38:02.037+0400 [DEBUG] [org.gradle.launcher.daemon.server.exec.EstablishBuildEnvironment] Configuring env variables: [USERDOMAIN_ROAMINGPROFILE, LOCALAPPDATA, PROCESSOR_LEVEL, USERDOMAIN, LOGONSERVER, JAVA_HOME, ALLUSERSPROFILE, INTEL_DEV_REDIST, PROCESSOR_ARCHITECTURE, MIC_LD_LIBRARY_PATH, RlsSvcPort, PSModulePath, SystemDrive, OneDrive, APPDATA, ACSvcPort, USERNAME, ProgramFiles(x86), CommonProgramFiles, Path, PATHEXT, DriverData, OS, COMPUTERNAME, IntelliJ IDEA Community Edition, PROCESSOR_REVISION, CommonProgramW6432, PyCharm Community Edition, ComSpec, ProgramData, GIT_LFS_PATH, ProgramW6432, HOMEPATH, SystemRoot, TEMP, PROCESSOR_IDENTIFIER, HOMEDRIVE, USERPROFILE, TMP, CommonProgramFiles(x86), ProgramFiles, PUBLIC, windir, NUMBER_OF_PROCESSORS, IDEA_INITIAL_DIRECTORY]
2023-02-23T19:38:02.037+0400 [DEBUG] [org.gradle.launcher.daemon.server.SynchronizedDispatchConnection] thread 389: received class org.gradle.launcher.daemon.protocol.CloseInput
2023-02-23T19:38:02.037+0400 [DEBUG] [org.gradle.launcher.daemon.server.DefaultDaemonConnection] thread 389: Received IO message from client: org.gradle.launcher.daemon.protocol.CloseInput@4410dffd
2023-02-23T19:38:02.038+0400 [DEBUG] [org.gradle.launcher.daemon.server.exec.LogToClient] About to start relaying all logs to the client via the connection.
2023-02-23T19:38:02.038+0400 [INFO] [org.gradle.launcher.daemon.server.exec.LogToClient] The client will now receive all logging from the daemon (pid: 9928). The daemon log file: D:\Ivi\AndroidStudioProjects\Eventory\Eventory\daemon\7.6\daemon-9928.out.log
2023-02-23T19:38:02.038+0400 [INFO] [org.gradle.launcher.daemon.server.exec.LogAndCheckHealth] Starting 3rd build in daemon [uptime: 3 mins 17.9 secs, performance: 99%]
2023-02-23T19:38:02.038+0400 [DEBUG] [org.gradle.launcher.daemon.server.exec.ExecuteBuild] The daemon has started executing the build.
2023-02-23T19:38:02.038+0400 [INFO] [org.gradle.launcher.daemon.server.exec.ForwardClientInput] Closing daemon's stdin at end of input.
2023-02-23T19:38:02.038+0400 [DEBUG] [org.gradle.launcher.daemon.server.exec.ExecuteBuild] Executing build with daemon context: DefaultDaemonContext[uid=80bf0cc9-0227-47fc-866f-659912c585bb,javaHome=C:\Program Files\Android\Android Studio\jre,daemonRegistryDir=D:\Ivi\AndroidStudioProjects\Eventory\Eventory\daemon,pid=9928,idleTimeout=10800000,priority=NORMAL,daemonOpts=--add-opens=java.base/java.util=ALL-UNNAMED,--add-opens=java.base/java.lang=ALL-UNNAMED,--add-opens=java.base/java.lang.invoke=ALL-UNNAMED,--add-opens=java.prefs/java.util.prefs=ALL-UNNAMED,--add-opens=java.base/java.nio.charset=ALL-UNNAMED,--add-opens=java.base/java.net=ALL-UNNAMED,--add-opens=java.base/java.util.concurrent.atomic=ALL-UNNAMED,-Xmx2048m,-Dfile.encoding=UTF-8,-Duser.country=US,-Duser.language=en,-Duser.variant]
2023-02-23T19:38:02.038+0400 [INFO] [org.gradle.launcher.daemon.server.exec.ForwardClientInput] The daemon will no longer process any standard input.
Note: Some input files use or override a deprecated API.
Note: Recompile with -Xlint:deprecation for details.

Deprecated Gradle features were used in this build, making it incompatible with Gradle 8.0.

You can use '--warning-mode all' to show the individual deprecation warnings and determine if they come from your own scripts or plugins.

See https://docs.gradle.org/7.6/userguide/command_line_interface.html#sec:command_line_warnings

BUILD SUCCESSFUL in 10s
33 actionable tasks: 32 executed, 1 up-to-date
2023-02-23T19:38:12.815+0400 [DEBUG] [org.gradle.launcher.daemon.server.exec.ExecuteBuild] The daemon has finished executing the build.
2023-02-23T19:38:12.832+0400 [DEBUG] [org.gradle.launcher.daemon.server.DaemonStateCoordinator] daemon is running. Sleeping until state changes.
2023-02-23T19:38:12.832+0400 [DEBUG] [org.gradle.launcher.daemon.server.DaemonStateCoordinator] Command execution: finished waiting for DaemonCommandExecution[command = Build{id=4cef47a0-3581-422b-936e-5d312c5c98ba, currentDir=D:\Ivi\AndroidStudioProjects\Eventory\Eventory}, connection = DefaultDaemonConnection: socket connection from /127.0.0.1:65231 to /127.0.0.1:65269]. Result org.gradle.launcher.daemon.server.DaemonStateCoordinator@4e75f2d with state Busy
2023-02-23T19:38:12.832+0400 [DEBUG] [org.gradle.launcher.daemon.server.DaemonStateCoordinator] Command execution: completed DaemonCommandExecution[command = Build{id=4cef47a0-3581-422b-936e-5d312c5c98ba, currentDir=D:\Ivi\AndroidStudioProjects\Eventory\Eventory}, connection = DefaultDaemonConnection: socket connection from /127.0.0.1:65231 to /127.0.0.1:65269]
2023-02-23T19:38:12.832+0400 [DEBUG] [org.gradle.launcher.daemon.server.DaemonStateCoordinator] resetting idle timer
2023-02-23T19:38:12.832+0400 [INFO] [org.gradle.launcher.daemon.server.DaemonRegistryUpdater] Marking the daemon as idle, address: [7a0e0345-0339-4219-90bc-6f1f9582657b port:65231, addresses:[localhost/127.0.0.1]]
2023-02-23T19:38:12.832+0400 [DEBUG] [org.gradle.launcher.daemon.registry.PersistentDaemonRegistry] Marking busy by address: [7a0e0345-0339-4219-90bc-6f1f9582657b port:65231, addresses:[localhost/127.0.0.1]]
2023-02-23T19:38:12.832+0400 [DEBUG] [org.gradle.cache.internal.DefaultFileLockManager] Waiting to acquire exclusive lock on daemon addresses registry.
2023-02-23T19:38:12.833+0400 [DEBUG] [org.gradle.cache.internal.DefaultFileLockManager] Lock acquired on daemon addresses registry.
2023-02-23T19:38:12.833+0400 [DEBUG] [org.gradle.cache.internal.DefaultFileLockManager] Releasing lock on daemon addresses registry.
2023-02-23T19:38:12.833+0400 [DEBUG] [org.gradle.launcher.daemon.server.DaemonStateCoordinator] daemon is running. Sleeping until state changes.
2023-02-23T19:38:12.833+0400 [DEBUG] [org.gradle.launcher.daemon.server.exec.ReturnResult] Daemon is dispatching the build result: Success[value=org.gradle.launcher.exec.BuildActionResult@5d882f1]
2023-02-23T19:38:12.833+0400 [DEBUG] [org.gradle.launcher.daemon.server.SynchronizedDispatchConnection] thread 220: dispatching Success[value=org.gradle.launcher.exec.BuildActionResult@5d882f1]
2023-02-23T19:38:12.833+0400 [DEBUG] [org.gradle.launcher.daemon.server.DefaultIncomingConnectionHandler] Finishing executing command: Build{id=4cef47a0-3581-422b-936e-5d312c5c98ba, currentDir=D:\Ivi\AndroidStudioProjects\Eventory\Eventory}
2023-02-23T19:38:12.834+0400 [DEBUG] [org.gradle.launcher.daemon.server.SynchronizedDispatchConnection] thread 389: received class org.gradle.launcher.daemon.protocol.Finished
2023-02-23T19:38:12.834+0400 [DEBUG] [org.gradle.launcher.daemon.server.DefaultDaemonConnection] thread 389: Received non-IO message from client: org.gradle.launcher.daemon.protocol.Finished@4ad7390f
2023-02-23T19:38:12.834+0400 [DEBUG] [org.gradle.launcher.daemon.server.DefaultIncomingConnectionHandler] Received finished message: org.gradle.launcher.daemon.protocol.Finished@4ad7390f
2023-02-23T19:38:12.834+0400 [DEBUG] [org.gradle.launcher.daemon.server.SynchronizedDispatchConnection] thread 220: stopping connection
2023-02-23T19:38:12.834+0400 [DEBUG] [org.gradle.internal.remote.internal.inet.SocketConnection] Discarding EOFException: java.io.EOFException
2023-02-23T19:38:12.834+0400 [DEBUG] [org.gradle.launcher.daemon.server.SynchronizedDispatchConnection] thread 389: received null
2023-02-23T19:38:12.834+0400 [DEBUG] [org.gradle.launcher.daemon.server.DefaultDaemonConnection] thread 389: Received end-of-input from client.
2023-02-23T19:38:12.834+0400 [DEBUG] [org.gradle.launcher.daemon.server.SynchronizedDispatchConnection] thread 220: stopping connection
2023-02-23T19:38:14.428+0400 [DEBUG] [org.gradle.cache.internal.DefaultFileLockManager] Waiting to acquire shared lock on daemon addresses registry.
2023-02-23T19:38:14.428+0400 [DEBUG] [org.gradle.cache.internal.DefaultFileLockManager] Lock acquired on daemon addresses registry.
2023-02-23T19:38:14.428+0400 [DEBUG] [org.gradle.cache.internal.DefaultFileLockManager] Releasing lock on daemon addresses registry.
2023-02-23T19:38:14.429+0400 [DEBUG] [org.gradle.cache.internal.DefaultFileLockManager] Waiting to acquire shared lock on daemon addresses registry.
2023-02-23T19:38:14.429+0400 [DEBUG] [org.gradle.cache.internal.DefaultFileLockManager] Lock acquired on daemon addresses registry.
2023-02-23T19:38:14.429+0400 [DEBUG] [org.gradle.cache.internal.DefaultFileLockManager] Releasing lock on daemon addresses registry.
2023-02-23T19:38:24.420+0400 [DEBUG] [org.gradle.cache.internal.DefaultFileLockManager] Waiting to acquire shared lock on daemon addresses registry.
2023-02-23T19:38:24.420+0400 [DEBUG] [org.gradle.cache.internal.DefaultFileLockManager] Lock acquired on daemon addresses registry.
2023-02-23T19:38:24.420+0400 [DEBUG] [org.gradle.cache.internal.DefaultFileLockManager] Releasing lock on daemon addresses registry.
2023-02-23T19:38:24.421+0400 [DEBUG] [org.gradle.cache.internal.DefaultFileLockManager] Waiting to acquire shared lock on daemon addresses registry.
2023-02-23T19:38:24.421+0400 [DEBUG] [org.gradle.cache.internal.DefaultFileLockManager] Lock acquired on daemon addresses registry.
2023-02-23T19:38:24.421+0400 [DEBUG] [org.gradle.cache.internal.DefaultFileLockManager] Releasing lock on daemon addresses registry.
2023-02-23T19:38:24.421+0400 [DEBUG] [org.gradle.cache.internal.DefaultFileLockManager] Waiting to acquire shared lock on daemon addresses registry.
2023-02-23T19:38:24.421+0400 [DEBUG] [org.gradle.cache.internal.DefaultFileLockManager] Lock acquired on daemon addresses registry.
2023-02-23T19:38:24.421+0400 [DEBUG] [org.gradle.cache.internal.DefaultFileLockManager] Releasing lock on daemon addresses registry.
2023-02-23T19:38:34.430+0400 [DEBUG] [org.gradle.cache.internal.DefaultFileLockManager] Waiting to acquire shared lock on daemon addresses registry.
2023-02-23T19:38:34.430+0400 [DEBUG] [org.gradle.cache.internal.DefaultFileLockManager] Lock acquired on daemon addresses registry.
2023-02-23T19:38:34.430+0400 [DEBUG] [org.gradle.cache.internal.DefaultFileLockManager] Releasing lock on daemon addresses registry.
2023-02-23T19:38:34.431+0400 [DEBUG] [org.gradle.cache.internal.DefaultFileLockManager] Waiting to acquire shared lock on daemon addresses registry.
2023-02-23T19:38:34.431+0400 [DEBUG] [org.gradle.cache.internal.DefaultFileLockManager] Lock acquired on daemon addresses registry.
2023-02-23T19:38:34.431+0400 [DEBUG] [org.gradle.cache.internal.DefaultFileLockManager] Releasing lock on daemon addresses registry.
2023-02-23T19:38:34.431+0400 [DEBUG] [org.gradle.cache.internal.DefaultFileLockManager] Waiting to acquire shared lock on daemon addresses registry.
2023-02-23T19:38:34.431+0400 [DEBUG] [org.gradle.cache.internal.DefaultFileLockManager] Lock acquired on daemon addresses registry.
2023-02-23T19:38:34.431+0400 [DEBUG] [org.gradle.cache.internal.DefaultFileLockManager] Releasing lock on daemon addresses registry.
2023-02-23T19:38:44.419+0400 [DEBUG] [org.gradle.cache.internal.DefaultFileLockManager] Waiting to acquire shared lock on daemon addresses registry.
2023-02-23T19:38:44.419+0400 [DEBUG] [org.gradle.cache.internal.DefaultFileLockManager] Lock acquired on daemon addresses registry.
2023-02-23T19:38:44.419+0400 [DEBUG] [org.gradle.cache.internal.DefaultFileLockManager] Releasing lock on daemon addresses registry.
2023-02-23T19:38:44.421+0400 [DEBUG] [org.gradle.cache.internal.DefaultFileLockManager] Waiting to acquire shared lock on daemon addresses registry.
2023-02-23T19:38:44.422+0400 [DEBUG] [org.gradle.cache.internal.DefaultFileLockManager] Lock acquired on daemon addresses registry.
2023-02-23T19:38:44.422+0400 [DEBUG] [org.gradle.cache.internal.DefaultFileLockManager] Releasing lock on daemon addresses registry.
2023-02-23T19:38:44.423+0400 [DEBUG] [org.gradle.cache.internal.DefaultFileLockManager] Waiting to acquire shared lock on daemon addresses registry.
2023-02-23T19:38:44.423+0400 [DEBUG] [org.gradle.cache.internal.DefaultFileLockManager] Lock acquired on daemon addresses registry.
2023-02-23T19:38:44.423+0400 [DEBUG] [org.gradle.cache.internal.DefaultFileLockManager] Releasing lock on daemon addresses registry.
2023-02-23T19:38:54.426+0400 [DEBUG] [org.gradle.cache.internal.DefaultFileLockManager] Waiting to acquire shared lock on daemon addresses registry.
2023-02-23T19:38:54.426+0400 [DEBUG] [org.gradle.cache.internal.DefaultFileLockManager] Lock acquired on daemon addresses registry.
2023-02-23T19:38:54.427+0400 [DEBUG] [org.gradle.cache.internal.DefaultFileLockManager] Releasing lock on daemon addresses registry.
2023-02-23T19:38:54.429+0400 [DEBUG] [org.gradle.cache.internal.DefaultFileLockManager] Waiting to acquire shared lock on daemon addresses registry.
2023-02-23T19:38:54.430+0400 [DEBUG] [org.gradle.cache.internal.DefaultFileLockManager] Lock acquired on daemon addresses registry.
2023-02-23T19:38:54.430+0400 [DEBUG] [org.gradle.cache.internal.DefaultFileLockManager] Releasing lock on daemon addresses registry.
2023-02-23T19:38:54.431+0400 [DEBUG] [org.gradle.cache.internal.DefaultFileLockManager] Waiting to acquire shared lock on daemon addresses registry.
2023-02-23T19:38:54.431+0400 [DEBUG] [org.gradle.cache.internal.DefaultFileLockManager] Lock acquired on daemon addresses registry.
2023-02-23T19:38:54.432+0400 [DEBUG] [org.gradle.cache.internal.DefaultFileLockManager] Releasing lock on daemon addresses registry.
2023-02-23T19:39:04.430+0400 [DEBUG] [org.gradle.cache.internal.DefaultFileLockManager] Waiting to acquire shared lock on daemon addresses registry.
2023-02-23T19:39:04.430+0400 [DEBUG] [org.gradle.cache.internal.DefaultFileLockManager] Lock acquired on daemon addresses registry.
2023-02-23T19:39:04.430+0400 [DEBUG] [org.gradle.cache.internal.DefaultFileLockManager] Releasing lock on daemon addresses registry.
2023-02-23T19:39:04.430+0400 [DEBUG] [org.gradle.cache.internal.DefaultFileLockManager] Waiting to acquire shared lock on daemon addresses registry.
2023-02-23T19:39:04.431+0400 [DEBUG] [org.gradle.cache.internal.DefaultFileLockManager] Lock acquired on daemon addresses registry.
2023-02-23T19:39:04.431+0400 [DEBUG] [org.gradle.cache.internal.DefaultFileLockManager] Releasing lock on daemon addresses registry.
2023-02-23T19:39:04.431+0400 [DEBUG] [org.gradle.cache.internal.DefaultFileLockManager] Waiting to acquire shared lock on daemon addresses registry.
2023-02-23T19:39:04.431+0400 [DEBUG] [org.gradle.cache.internal.DefaultFileLockManager] Lock acquired on daemon addresses registry.
2023-02-23T19:39:04.431+0400 [DEBUG] [org.gradle.cache.internal.DefaultFileLockManager] Releasing lock on daemon addresses registry.
2023-02-23T19:39:14.418+0400 [DEBUG] [org.gradle.cache.internal.DefaultFileLockManager] Waiting to acquire shared lock on daemon addresses registry.
2023-02-23T19:39:14.418+0400 [DEBUG] [org.gradle.cache.internal.DefaultFileLockManager] Lock acquired on daemon addresses registry.
2023-02-23T19:39:14.419+0400 [DEBUG] [org.gradle.cache.internal.DefaultFileLockManager] Releasing lock on daemon addresses registry.
2023-02-23T19:39:14.421+0400 [DEBUG] [org.gradle.cache.internal.DefaultFileLockManager] Waiting to acquire shared lock on daemon addresses registry.
2023-02-23T19:39:14.421+0400 [DEBUG] [org.gradle.cache.internal.DefaultFileLockManager] Lock acquired on daemon addresses registry.
2023-02-23T19:39:14.422+0400 [DEBUG] [org.gradle.cache.internal.DefaultFileLockManager] Releasing lock on daemon addresses registry.
2023-02-23T19:39:14.422+0400 [DEBUG] [org.gradle.cache.internal.DefaultFileLockManager] Waiting to acquire shared lock on daemon addresses registry.
2023-02-23T19:39:14.423+0400 [DEBUG] [org.gradle.cache.internal.DefaultFileLockManager] Lock acquired on daemon addresses registry.
2023-02-23T19:39:14.423+0400 [DEBUG] [org.gradle.cache.internal.DefaultFileLockManager] Releasing lock on daemon addresses registry.
2023-02-23T19:39:24.429+0400 [DEBUG] [org.gradle.cache.internal.DefaultFileLockManager] Waiting to acquire shared lock on daemon addresses registry.
2023-02-23T19:39:24.429+0400 [DEBUG] [org.gradle.cache.internal.DefaultFileLockManager] Lock acquired on daemon addresses registry.
2023-02-23T19:39:24.429+0400 [DEBUG] [org.gradle.cache.internal.DefaultFileLockManager] Releasing lock on daemon addresses registry.
2023-02-23T19:39:24.430+0400 [DEBUG] [org.gradle.cache.internal.DefaultFileLockManager] Waiting to acquire shared lock on daemon addresses registry.
2023-02-23T19:39:24.430+0400 [DEBUG] [org.gradle.cache.internal.DefaultFileLockManager] Lock acquired on daemon addresses registry.
2023-02-23T19:39:24.430+0400 [DEBUG] [org.gradle.cache.internal.DefaultFileLockManager] Releasing lock on daemon addresses registry.
2023-02-23T19:39:24.430+0400 [DEBUG] [org.gradle.cache.internal.DefaultFileLockManager] Waiting to acquire shared lock on daemon addresses registry.
2023-02-23T19:39:24.430+0400 [DEBUG] [org.gradle.cache.internal.DefaultFileLockManager] Lock acquired on daemon addresses registry.
2023-02-23T19:39:24.430+0400 [DEBUG] [org.gradle.cache.internal.DefaultFileLockManager] Releasing lock on daemon addresses registry.
2023-02-23T19:39:34.425+0400 [DEBUG] [org.gradle.cache.internal.DefaultFileLockManager] Waiting to acquire shared lock on daemon addresses registry.
2023-02-23T19:39:34.425+0400 [DEBUG] [org.gradle.cache.internal.DefaultFileLockManager] Lock acquired on daemon addresses registry.
2023-02-23T19:39:34.425+0400 [DEBUG] [org.gradle.cache.internal.DefaultFileLockManager] Releasing lock on daemon addresses registry.
2023-02-23T19:39:34.426+0400 [DEBUG] [org.gradle.cache.internal.DefaultFileLockManager] Waiting to acquire shared lock on daemon addresses registry.
2023-02-23T19:39:34.426+0400 [DEBUG] [org.gradle.cache.internal.DefaultFileLockManager] Lock acquired on daemon addresses registry.
2023-02-23T19:39:34.426+0400 [DEBUG] [org.gradle.cache.internal.DefaultFileLockManager] Releasing lock on daemon addresses registry.
2023-02-23T19:39:34.426+0400 [DEBUG] [org.gradle.cache.internal.DefaultFileLockManager] Waiting to acquire shared lock on daemon addresses registry.
2023-02-23T19:39:34.426+0400 [DEBUG] [org.gradle.cache.internal.DefaultFileLockManager] Lock acquired on daemon addresses registry.
2023-02-23T19:39:34.426+0400 [DEBUG] [org.gradle.cache.internal.DefaultFileLockManager] Releasing lock on daemon addresses registry.
2023-02-23T19:39:44.429+0400 [DEBUG] [org.gradle.cache.internal.DefaultFileLockManager] Waiting to acquire shared lock on daemon addresses registry.
2023-02-23T19:39:44.429+0400 [DEBUG] [org.gradle.cache.internal.DefaultFileLockManager] Lock acquired on daemon addresses registry.
2023-02-23T19:39:44.429+0400 [DEBUG] [org.gradle.cache.internal.DefaultFileLockManager] Releasing lock on daemon addresses registry.
2023-02-23T19:39:44.430+0400 [DEBUG] [org.gradle.cache.internal.DefaultFileLockManager] Waiting to acquire shared lock on daemon addresses registry.
2023-02-23T19:39:44.430+0400 [DEBUG] [org.gradle.cache.internal.DefaultFileLockManager] Lock acquired on daemon addresses registry.
2023-02-23T19:39:44.430+0400 [DEBUG] [org.gradle.cache.internal.DefaultFileLockManager] Releasing lock on daemon addresses registry.
2023-02-23T19:39:44.430+0400 [DEBUG] [org.gradle.cache.internal.DefaultFileLockManager] Waiting to acquire shared lock on daemon addresses registry.
2023-02-23T19:39:44.430+0400 [DEBUG] [org.gradle.cache.internal.DefaultFileLockManager] Lock acquired on daemon addresses registry.
2023-02-23T19:39:44.430+0400 [DEBUG] [org.gradle.cache.internal.DefaultFileLockManager] Releasing lock on daemon addresses registry.
2023-02-23T19:39:53.811+0400 [DEBUG] [org.gradle.internal.watch.vfs.impl.WatchingVirtualFileSystem] Handling VFS change CREATED D:\Ivi\AndroidStudioProjects\Eventory\Eventory\app\src\main\java\com\example\eventory\MapFragment.java~
2023-02-23T19:39:53.812+0400 [DEBUG] [org.gradle.internal.watch.vfs.impl.WatchingVirtualFileSystem] Handling VFS change MODIFIED D:\Ivi\AndroidStudioProjects\Eventory\Eventory\app\src\main\java\com\example\eventory\MapFragment.java
2023-02-23T19:39:54.024+0400 [DEBUG] [org.gradle.internal.remote.internal.inet.TcpIncomingConnector] Accepted connection from /127.0.0.1:65280 to /127.0.0.1:65231.
2023-02-23T19:39:54.028+0400 [DEBUG] [org.gradle.launcher.daemon.server.SynchronizedDispatchConnection] thread 649: received class org.gradle.launcher.daemon.protocol.StopWhenIdle
2023-02-23T19:39:54.028+0400 [DEBUG] [org.gradle.launcher.daemon.server.DefaultDaemonConnection] thread 649: Received non-IO message from client: StopWhenIdle[id=43856486-0d8b-427c-bdde-f30d7dec2606]
2023-02-23T19:39:54.028+0400 [INFO] [org.gradle.launcher.daemon.server.DefaultIncomingConnectionHandler] Received command: StopWhenIdle[id=43856486-0d8b-427c-bdde-f30d7dec2606].
2023-02-23T19:39:54.028+0400 [DEBUG] [org.gradle.launcher.daemon.server.DefaultIncomingConnectionHandler] Starting executing command: StopWhenIdle[id=43856486-0d8b-427c-bdde-f30d7dec2606] with connection: socket connection from /127.0.0.1:65231 to /127.0.0.1:65280.
2023-02-23T19:39:54.028+0400 [DEBUG] [org.gradle.launcher.daemon.server.DaemonRegistryUpdater] Storing daemon stop event: stop command received
2023-02-23T19:39:54.028+0400 [DEBUG] [org.gradle.launcher.daemon.registry.PersistentDaemonRegistry] Storing daemon stop event with timestamp 1677166794028
2023-02-23T19:39:54.028+0400 [DEBUG] [org.gradle.cache.internal.DefaultFileLockManager] Waiting to acquire exclusive lock on daemon addresses registry.
2023-02-23T19:39:54.029+0400 [DEBUG] [org.gradle.cache.internal.DefaultFileLockManager] Lock acquired on daemon addresses registry.
2023-02-23T19:39:54.029+0400 [DEBUG] [org.gradle.cache.internal.DefaultFileLockManager] Releasing lock on daemon addresses registry.
2023-02-23T19:39:54.029+0400 [LIFECYCLE] [org.gradle.launcher.daemon.server.DaemonStateCoordinator] Daemon will be stopped at the end of the build stop command received
2023-02-23T19:39:54.029+0400 [DEBUG] [org.gradle.launcher.daemon.server.DaemonStateCoordinator] Marking daemon stopped due to stop command received. The daemon is running a build: false
2023-02-23T19:39:54.029+0400 [DEBUG] [org.gradle.launcher.daemon.server.DaemonStateCoordinator] daemon has stopped.
2023-02-23T19:39:54.029+0400 [DEBUG] [org.gradle.launcher.daemon.server.SynchronizedDispatchConnection] thread 648: dispatching Success[value=null]
2023-02-23T19:39:54.029+0400 [DEBUG] [org.gradle.launcher.daemon.server.Daemon] stop() called on daemon
2023-02-23T19:39:54.030+0400 [DEBUG] [org.gradle.launcher.daemon.server.DefaultIncomingConnectionHandler] Finishing executing command: StopWhenIdle[id=43856486-0d8b-427c-bdde-f30d7dec2606]
2023-02-23T19:39:54.030+0400 [INFO] [org.gradle.launcher.daemon.server.Daemon] Stop requested. Daemon is removing its presence from the registry...
2023-02-23T19:39:54.030+0400 [DEBUG] [org.gradle.launcher.daemon.server.SynchronizedDispatchConnection] thread 649: received class org.gradle.launcher.daemon.protocol.Finished
2023-02-23T19:39:54.030+0400 [DEBUG] [org.gradle.launcher.daemon.server.DefaultDaemonConnection] thread 649: Received non-IO message from client: org.gradle.launcher.daemon.protocol.Finished@4160658d
2023-02-23T19:39:54.030+0400 [DEBUG] [org.gradle.launcher.daemon.server.DaemonRegistryUpdater] Removing our presence to clients, eg. removing this address from the registry: [7a0e0345-0339-4219-90bc-6f1f9582657b port:65231, addresses:[localhost/127.0.0.1]]
2023-02-23T19:39:54.030+0400 [DEBUG] [org.gradle.launcher.daemon.server.DefaultIncomingConnectionHandler] Received finished message: org.gradle.launcher.daemon.protocol.Finished@4160658d
2023-02-23T19:39:54.030+0400 [DEBUG] [org.gradle.internal.remote.internal.inet.SocketConnection] Discarding EOFException: java.io.EOFException
2023-02-23T19:39:54.030+0400 [DEBUG] [org.gradle.launcher.daemon.registry.PersistentDaemonRegistry] Removing daemon address: [7a0e0345-0339-4219-90bc-6f1f9582657b port:65231, addresses:[localhost/127.0.0.1]]
2023-02-23T19:39:54.030+0400 [DEBUG] [org.gradle.launcher.daemon.server.SynchronizedDispatchConnection] thread 649: received null
2023-02-23T19:39:54.030+0400 [DEBUG] [org.gradle.launcher.daemon.server.SynchronizedDispatchConnection] thread 648: stopping connection
2023-02-23T19:39:54.030+0400 [DEBUG] [org.gradle.launcher.daemon.server.DefaultDaemonConnection] thread 649: Received end-of-input from client.
2023-02-23T19:39:54.031+0400 [DEBUG] [org.gradle.launcher.daemon.server.SynchronizedDispatchConnection] thread 648: stopping connection
2023-02-23T19:39:54.031+0400 [DEBUG] [org.gradle.cache.internal.DefaultFileLockManager] Waiting to acquire exclusive lock on daemon addresses registry.
2023-02-23T19:39:54.031+0400 [DEBUG] [org.gradle.cache.internal.DefaultFileLockManager] Lock acquired on daemon addresses registry.
2023-02-23T19:39:54.031+0400 [DEBUG] [org.gradle.cache.internal.DefaultFileLockManager] Releasing lock on daemon addresses registry.
2023-02-23T19:39:54.032+0400 [DEBUG] [org.gradle.launcher.daemon.server.DaemonRegistryUpdater] Address removed from registry.
2023-02-23T19:39:54.033+0400 [DEBUG] [org.gradle.cache.internal.LockOnDemandCrossProcessCacheAccess] Releasing file lock for jars (D:\Ivi\AndroidStudioProjects\Eventory\Eventory\caches\jars-9)
2023-02-23T19:39:54.033+0400 [DEBUG] [org.gradle.cache.internal.DefaultFileLockManager] Releasing lock on jars (D:\Ivi\AndroidStudioProjects\Eventory\Eventory\caches\jars-9).
2023-02-23T19:39:54.033+0400 [DEBUG] [org.gradle.cache.internal.DefaultPersistentDirectoryStore] jars (D:\Ivi\AndroidStudioProjects\Eventory\Eventory\caches\jars-9) has last been fully cleaned up 2 hours ago
2023-02-23T19:39:54.033+0400 [DEBUG] [org.gradle.cache.internal.LockOnDemandCrossProcessCacheAccess] Releasing file lock for Artifact transforms cache (D:\Ivi\AndroidStudioProjects\Eventory\Eventory\caches\transforms-3)
2023-02-23T19:39:54.033+0400 [DEBUG] [org.gradle.cache.internal.DefaultFileLockManager] Releasing lock on Artifact transforms cache (D:\Ivi\AndroidStudioProjects\Eventory\Eventory\caches\transforms-3).
2023-02-23T19:39:54.034+0400 [DEBUG] [org.gradle.cache.internal.DefaultPersistentDirectoryStore] Artifact transforms cache (D:\Ivi\AndroidStudioProjects\Eventory\Eventory\caches\transforms-3) has last been fully cleaned up 2 hours ago
2023-02-23T19:39:54.038+0400 [DEBUG] [org.gradle.cache.internal.LockOnDemandCrossProcessCacheAccess] Releasing file lock for file content cache (D:\Ivi\AndroidStudioProjects\Eventory\Eventory\caches\7.6\fileContent)
2023-02-23T19:39:54.038+0400 [DEBUG] [org.gradle.cache.internal.btree.BTreePersistentIndexedCache] Closing cache annotation-processors.bin (D:\Ivi\AndroidStudioProjects\Eventory\Eventory\caches\7.6\fileContent\annotation-processors.bin)
2023-02-23T19:39:54.038+0400 [DEBUG] [org.gradle.cache.internal.DefaultFileLockManager] Releasing lock on file content cache (D:\Ivi\AndroidStudioProjects\Eventory\Eventory\caches\7.6\fileContent).
2023-02-23T19:39:54.039+0400 [DEBUG] [org.gradle.internal.watch.vfs.impl.WatchingVirtualFileSystem] Closing VFS, dropping state
2023-02-23T19:39:54.040+0400 [DEBUG] [org.gradle.cache.internal.DefaultCacheAccess] Cache Generated Gradle JARs cache (D:\Ivi\AndroidStudioProjects\Eventory\Eventory\caches\7.6\generated-gradle-jars) was closed 0 times.
2023-02-23T19:39:54.040+0400 [DEBUG] [org.gradle.internal.watch.registry.impl.DefaultFileWatcherRegistry] Finished listening to file system change events
2023-02-23T19:39:54.040+0400 [DEBUG] [org.gradle.cache.internal.LockOnDemandCrossProcessCacheAccess] Releasing file lock for artifact cache (D:\Ivi\AndroidStudioProjects\Eventory\Eventory\caches\modules-2)
2023-02-23T19:39:54.040+0400 [DEBUG] [org.gradle.cache.internal.btree.BTreePersistentIndexedCache] Closing cache module-metadata.bin (D:\Ivi\AndroidStudioProjects\Eventory\Eventory\caches\modules-2\metadata-2.99\module-metadata.bin)
2023-02-23T19:39:54.040+0400 [DEBUG] [org.gradle.cache.internal.btree.BTreePersistentIndexedCache] Closing cache module-artifact.bin (D:\Ivi\AndroidStudioProjects\Eventory\Eventory\caches\modules-2\metadata-2.99\module-artifact.bin)
2023-02-23T19:39:54.040+0400 [DEBUG] [org.gradle.cache.internal.DefaultFileLockManager] Releasing lock on artifact cache (D:\Ivi\AndroidStudioProjects\Eventory\Eventory\caches\modules-2).
2023-02-23T19:39:54.040+0400 [DEBUG] [org.gradle.cache.internal.DefaultPersistentDirectoryStore] artifact cache (D:\Ivi\AndroidStudioProjects\Eventory\Eventory\caches\modules-2) has last been fully cleaned up 2 hours ago
2023-02-23T19:39:54.041+0400 [DEBUG] [org.gradle.cache.internal.LockOnDemandCrossProcessCacheAccess] Releasing file lock for journal cache (D:\Ivi\AndroidStudioProjects\Eventory\Eventory\caches\journal-1)
2023-02-23T19:39:54.041+0400 [DEBUG] [org.gradle.cache.internal.btree.BTreePersistentIndexedCache] Closing cache file-access.bin (D:\Ivi\AndroidStudioProjects\Eventory\Eventory\caches\journal-1\file-access.bin)
2023-02-23T19:39:54.041+0400 [DEBUG] [org.gradle.cache.internal.DefaultFileLockManager] Releasing lock on journal cache (D:\Ivi\AndroidStudioProjects\Eventory\Eventory\caches\journal-1).
2023-02-23T19:39:54.041+0400 [DEBUG] [org.gradle.cache.internal.LockOnDemandCrossProcessCacheAccess] Releasing file lock for file hash cache (D:\Ivi\AndroidStudioProjects\Eventory\Eventory\caches\7.6\fileHashes)
2023-02-23T19:39:54.041+0400 [DEBUG] [org.gradle.cache.internal.btree.BTreePersistentIndexedCache] Closing cache fileHashes.bin (D:\Ivi\AndroidStudioProjects\Eventory\Eventory\caches\7.6\fileHashes\fileHashes.bin)
2023-02-23T19:39:54.042+0400 [DEBUG] [org.gradle.cache.internal.btree.BTreePersistentIndexedCache] Closing cache resourceHashesCache.bin (D:\Ivi\AndroidStudioProjects\Eventory\Eventory\caches\7.6\fileHashes\resourceHashesCache.bin)
2023-02-23T19:39:54.042+0400 [DEBUG] [org.gradle.cache.internal.DefaultFileLockManager] Releasing lock on file hash cache (D:\Ivi\AndroidStudioProjects\Eventory\Eventory\caches\7.6\fileHashes).
2023-02-23T19:39:54.042+0400 [DEBUG] [org.gradle.cache.internal.LockOnDemandCrossProcessCacheAccess] Releasing file lock for execution history cache (D:\Ivi\AndroidStudioProjects\Eventory\Eventory\caches\7.6\executionHistory)
2023-02-23T19:39:54.042+0400 [DEBUG] [org.gradle.cache.internal.btree.BTreePersistentIndexedCache] Closing cache executionHistory.bin (D:\Ivi\AndroidStudioProjects\Eventory\Eventory\caches\7.6\executionHistory\executionHistory.bin)
2023-02-23T19:39:54.042+0400 [DEBUG] [org.gradle.cache.internal.DefaultFileLockManager] Releasing lock on execution history cache (D:\Ivi\AndroidStudioProjects\Eventory\Eventory\caches\7.6\executionHistory).
2023-02-23T19:39:54.043+0400 [DEBUG] [org.gradle.cache.internal.LockOnDemandCrossProcessCacheAccess] Releasing file lock for Java compile cache (D:\Ivi\AndroidStudioProjects\Eventory\Eventory\caches\7.6\javaCompile)
2023-02-23T19:39:54.043+0400 [DEBUG] [org.gradle.cache.internal.btree.BTreePersistentIndexedCache] Closing cache jarAnalysis.bin (D:\Ivi\AndroidStudioProjects\Eventory\Eventory\caches\7.6\javaCompile\jarAnalysis.bin)
2023-02-23T19:39:54.043+0400 [DEBUG] [org.gradle.cache.internal.btree.BTreePersistentIndexedCache] Closing cache classAnalysis.bin (D:\Ivi\AndroidStudioProjects\Eventory\Eventory\caches\7.6\javaCompile\classAnalysis.bin)
2023-02-23T19:39:54.043+0400 [DEBUG] [org.gradle.cache.internal.DefaultFileLockManager] Releasing lock on Java compile cache (D:\Ivi\AndroidStudioProjects\Eventory\Eventory\caches\7.6\javaCompile).
Daemon vm is shutting down... The daemon has exited normally or was terminated in response to a user interrupt.
2023-02-23T19:39:54.045+0400 [DEBUG] [org.gradle.launcher.daemon.registry.PersistentDaemonRegistry] Removing daemon address: [7a0e0345-0339-4219-90bc-6f1f9582657b port:65231, addresses:[localhost/127.0.0.1]]
2023-02-23T19:39:54.045+0400 [DEBUG] [org.gradle.cache.internal.DefaultFileLockManager] Waiting to acquire exclusive lock on daemon addresses registry.
2023-02-23T19:39:54.045+0400 [DEBUG] [org.gradle.cache.internal.DefaultFileLockManager] Lock acquired on daemon addresses registry.
2023-02-23T19:39:54.046+0400 [DEBUG] [org.gradle.cache.internal.DefaultFileLockManager] Releasing lock on daemon addresses registry.
