2023-02-28T22:50:36.997+0400 [DEBUG] [org.gradle.launcher.daemon.bootstrap.DaemonMain] Assuming the daemon was started with following jvm opts: [--add-opens=java.base/java.util=ALL-UNNAMED, --add-opens=java.base/java.lang=ALL-UNNAMED, --add-opens=java.base/java.lang.invoke=ALL-UNNAMED, --add-opens=java.prefs/java.util.prefs=ALL-UNNAMED, --add-opens=java.base/java.nio.charset=ALL-UNNAMED, --add-opens=java.base/java.net=ALL-UNNAMED, --add-opens=java.base/java.util.concurrent.atomic=ALL-UNNAMED, -Xmx2048m, -Dfile.encoding=UTF-8, -Duser.country=US, -Duser.language=en, -Duser.variant]
2023-02-28T22:50:37.085+0400 [DEBUG] [org.gradle.internal.nativeintegration.services.NativeServices] Native-platform posix files integration is not available. Continuing with fallback.
2023-02-28T22:50:37.092+0400 [INFO] [org.gradle.launcher.daemon.server.Daemon] start() called on daemon - DefaultDaemonContext[uid=f3ea5cea-dac3-4151-9fdd-847f93512ff8,javaHome=C:\Program Files\Android\Android Studio\jre,daemonRegistryDir=D:\Ivi\AndroidStudioProjects\Eventory\Eventory\daemon,pid=1600,idleTimeout=10800000,priority=NORMAL,daemonOpts=--add-opens=java.base/java.util=ALL-UNNAMED,--add-opens=java.base/java.lang=ALL-UNNAMED,--add-opens=java.base/java.lang.invoke=ALL-UNNAMED,--add-opens=java.prefs/java.util.prefs=ALL-UNNAMED,--add-opens=java.base/java.nio.charset=ALL-UNNAMED,--add-opens=java.base/java.net=ALL-UNNAMED,--add-opens=java.base/java.util.concurrent.atomic=ALL-UNNAMED,-Xmx2048m,-Dfile.encoding=UTF-8,-Duser.country=US,-Duser.language=en,-Duser.variant]
2023-02-28T22:50:37.240+0400 [DEBUG] [org.gradle.internal.remote.internal.inet.InetAddresses] Adding IP addresses for network interface Software Loopback Interface 1
2023-02-28T22:50:37.241+0400 [DEBUG] [org.gradle.internal.remote.internal.inet.InetAddresses] Is this a loopback interface? true
2023-02-28T22:50:37.241+0400 [DEBUG] [org.gradle.internal.remote.internal.inet.InetAddresses] Adding loopback address /127.0.0.1
2023-02-28T22:50:37.241+0400 [DEBUG] [org.gradle.internal.remote.internal.inet.InetAddresses] Adding loopback address /0:0:0:0:0:0:0:1
2023-02-28T22:50:37.242+0400 [DEBUG] [org.gradle.internal.remote.internal.inet.InetAddresses] Adding IP addresses for network interface Microsoft 6to4 Adapter
2023-02-28T22:50:37.243+0400 [DEBUG] [org.gradle.internal.remote.internal.inet.InetAddresses] Is this a loopback interface? false
2023-02-28T22:50:37.243+0400 [DEBUG] [org.gradle.internal.remote.internal.inet.InetAddresses] Adding IP addresses for network interface Microsoft Kernel Debug Network Adapter
2023-02-28T22:50:37.244+0400 [DEBUG] [org.gradle.internal.remote.internal.inet.InetAddresses] Is this a loopback interface? false
2023-02-28T22:50:37.244+0400 [DEBUG] [org.gradle.internal.remote.internal.inet.InetAddresses] Adding IP addresses for network interface WAN Miniport (L2TP)
2023-02-28T22:50:37.245+0400 [DEBUG] [org.gradle.internal.remote.internal.inet.InetAddresses] Is this a loopback interface? false
2023-02-28T22:50:37.245+0400 [DEBUG] [org.gradle.internal.remote.internal.inet.InetAddresses] Adding IP addresses for network interface Microsoft IP-HTTPS Platform Adapter
2023-02-28T22:50:37.246+0400 [DEBUG] [org.gradle.internal.remote.internal.inet.InetAddresses] Is this a loopback interface? false
2023-02-28T22:50:37.246+0400 [DEBUG] [org.gradle.internal.remote.internal.inet.InetAddresses] Adding IP addresses for network interface Intel(R) Dual Band Wireless-AC 7265
2023-02-28T22:50:37.248+0400 [DEBUG] [org.gradle.internal.remote.internal.inet.InetAddresses] Is this a loopback interface? false
2023-02-28T22:50:37.248+0400 [DEBUG] [org.gradle.internal.remote.internal.inet.InetAddresses] Adding remote address /fe80:0:0:0:6211:bcb6:a19b:6933%wlan0
2023-02-28T22:50:37.248+0400 [DEBUG] [org.gradle.internal.remote.internal.inet.InetAddresses] Adding IP addresses for network interface WAN Miniport (PPPOE)
2023-02-28T22:50:37.249+0400 [DEBUG] [org.gradle.internal.remote.internal.inet.InetAddresses] Is this a loopback interface? false
2023-02-28T22:50:37.249+0400 [DEBUG] [org.gradle.internal.remote.internal.inet.InetAddresses] Adding IP addresses for network interface WAN Miniport (IKEv2)
2023-02-28T22:50:37.250+0400 [DEBUG] [org.gradle.internal.remote.internal.inet.InetAddresses] Is this a loopback interface? false
2023-02-28T22:50:37.250+0400 [DEBUG] [org.gradle.internal.remote.internal.inet.InetAddresses] Adding IP addresses for network interface WAN Miniport (SSTP)
2023-02-28T22:50:37.251+0400 [DEBUG] [org.gradle.internal.remote.internal.inet.InetAddresses] Is this a loopback interface? false
2023-02-28T22:50:37.251+0400 [DEBUG] [org.gradle.internal.remote.internal.inet.InetAddresses] Adding IP addresses for network interface RAS Async Adapter
2023-02-28T22:50:37.252+0400 [DEBUG] [org.gradle.internal.remote.internal.inet.InetAddresses] Is this a loopback interface? false
2023-02-28T22:50:37.252+0400 [DEBUG] [org.gradle.internal.remote.internal.inet.InetAddresses] Adding IP addresses for network interface Intel(R) Ethernet Connection (14) I219-V
2023-02-28T22:50:37.253+0400 [DEBUG] [org.gradle.internal.remote.internal.inet.InetAddresses] Is this a loopback interface? false
2023-02-28T22:50:37.253+0400 [DEBUG] [org.gradle.internal.remote.internal.inet.InetAddresses] Adding remote address /192.168.1.7
2023-02-28T22:50:37.253+0400 [DEBUG] [org.gradle.internal.remote.internal.inet.InetAddresses] Adding remote address /fe80:0:0:0:b6bd:b75e:5a60:a7c0%eth1
2023-02-28T22:50:37.253+0400 [DEBUG] [org.gradle.internal.remote.internal.inet.InetAddresses] Adding IP addresses for network interface Microsoft Wi-Fi Direct Virtual Adapter #2
2023-02-28T22:50:37.254+0400 [DEBUG] [org.gradle.internal.remote.internal.inet.InetAddresses] Is this a loopback interface? false
2023-02-28T22:50:37.254+0400 [DEBUG] [org.gradle.internal.remote.internal.inet.InetAddresses] Adding remote address /fe80:0:0:0:ca18:53f8:ec1e:2a7d%wlan1
2023-02-28T22:50:37.254+0400 [DEBUG] [org.gradle.internal.remote.internal.inet.InetAddresses] Adding IP addresses for network interface Microsoft Teredo Tunneling Adapter
2023-02-28T22:50:37.255+0400 [DEBUG] [org.gradle.internal.remote.internal.inet.InetAddresses] Is this a loopback interface? false
2023-02-28T22:50:37.256+0400 [DEBUG] [org.gradle.internal.remote.internal.inet.InetAddresses] Adding IP addresses for network interface WAN Miniport (PPTP)
2023-02-28T22:50:37.257+0400 [DEBUG] [org.gradle.internal.remote.internal.inet.InetAddresses] Is this a loopback interface? false
2023-02-28T22:50:37.257+0400 [DEBUG] [org.gradle.internal.remote.internal.inet.InetAddresses] Adding IP addresses for network interface Microsoft Wi-Fi Direct Virtual Adapter
2023-02-28T22:50:37.258+0400 [DEBUG] [org.gradle.internal.remote.internal.inet.InetAddresses] Is this a loopback interface? false
2023-02-28T22:50:37.258+0400 [DEBUG] [org.gradle.internal.remote.internal.inet.InetAddresses] Adding remote address /fe80:0:0:0:df00:2520:7258:244f%wlan2
2023-02-28T22:50:37.258+0400 [DEBUG] [org.gradle.internal.remote.internal.inet.InetAddresses] Adding IP addresses for network interface WAN Miniport (IP)
2023-02-28T22:50:37.259+0400 [DEBUG] [org.gradle.internal.remote.internal.inet.InetAddresses] Is this a loopback interface? false
2023-02-28T22:50:37.259+0400 [DEBUG] [org.gradle.internal.remote.internal.inet.InetAddresses] Adding IP addresses for network interface Bluetooth Device (Personal Area Network)
2023-02-28T22:50:37.260+0400 [DEBUG] [org.gradle.internal.remote.internal.inet.InetAddresses] Is this a loopback interface? false
2023-02-28T22:50:37.260+0400 [DEBUG] [org.gradle.internal.remote.internal.inet.InetAddresses] Adding remote address /fe80:0:0:0:9a41:2958:72c:8b86%eth3
2023-02-28T22:50:37.260+0400 [DEBUG] [org.gradle.internal.remote.internal.inet.InetAddresses] Adding IP addresses for network interface WAN Miniport (IPv6)
2023-02-28T22:50:37.261+0400 [DEBUG] [org.gradle.internal.remote.internal.inet.InetAddresses] Is this a loopback interface? false
2023-02-28T22:50:37.261+0400 [DEBUG] [org.gradle.internal.remote.internal.inet.InetAddresses] Adding IP addresses for network interface WAN Miniport (Network Monitor)
2023-02-28T22:50:37.262+0400 [DEBUG] [org.gradle.internal.remote.internal.inet.InetAddresses] Is this a loopback interface? false
2023-02-28T22:50:37.262+0400 [DEBUG] [org.gradle.internal.remote.internal.inet.InetAddresses] Adding IP addresses for network interface Intel(R) Ethernet Connection (14) I219-V-WFP Native MAC Layer LightWeight Filter-0000
2023-02-28T22:50:37.263+0400 [DEBUG] [org.gradle.internal.remote.internal.inet.InetAddresses] Is this a loopback interface? false
2023-02-28T22:50:37.263+0400 [DEBUG] [org.gradle.internal.remote.internal.inet.InetAddresses] Adding IP addresses for network interface Intel(R) Ethernet Connection (14) I219-V-QoS Packet Scheduler-0000
2023-02-28T22:50:37.264+0400 [DEBUG] [org.gradle.internal.remote.internal.inet.InetAddresses] Is this a loopback interface? false
2023-02-28T22:50:37.264+0400 [DEBUG] [org.gradle.internal.remote.internal.inet.InetAddresses] Adding IP addresses for network interface Intel(R) Ethernet Connection (14) I219-V-WFP 802.3 MAC Layer LightWeight Filter-0000
2023-02-28T22:50:37.265+0400 [DEBUG] [org.gradle.internal.remote.internal.inet.InetAddresses] Is this a loopback interface? false
2023-02-28T22:50:37.265+0400 [DEBUG] [org.gradle.internal.remote.internal.inet.InetAddresses] Adding IP addresses for network interface Intel(R) Dual Band Wireless-AC 7265-WFP Native MAC Layer LightWeight Filter-0000
2023-02-28T22:50:37.266+0400 [DEBUG] [org.gradle.internal.remote.internal.inet.InetAddresses] Is this a loopback interface? false
2023-02-28T22:50:37.266+0400 [DEBUG] [org.gradle.internal.remote.internal.inet.InetAddresses] Adding IP addresses for network interface Intel(R) Dual Band Wireless-AC 7265-Virtual WiFi Filter Driver-0000
2023-02-28T22:50:37.267+0400 [DEBUG] [org.gradle.internal.remote.internal.inet.InetAddresses] Is this a loopback interface? false
2023-02-28T22:50:37.267+0400 [DEBUG] [org.gradle.internal.remote.internal.inet.InetAddresses] Adding IP addresses for network interface Intel(R) Dual Band Wireless-AC 7265-Native WiFi Filter Driver-0000
2023-02-28T22:50:37.268+0400 [DEBUG] [org.gradle.internal.remote.internal.inet.InetAddresses] Is this a loopback interface? false
2023-02-28T22:50:37.268+0400 [DEBUG] [org.gradle.internal.remote.internal.inet.InetAddresses] Adding IP addresses for network interface Intel(R) Dual Band Wireless-AC 7265-QoS Packet Scheduler-0000
2023-02-28T22:50:37.269+0400 [DEBUG] [org.gradle.internal.remote.internal.inet.InetAddresses] Is this a loopback interface? false
2023-02-28T22:50:37.269+0400 [DEBUG] [org.gradle.internal.remote.internal.inet.InetAddresses] Adding IP addresses for network interface Intel(R) Dual Band Wireless-AC 7265-WFP 802.3 MAC Layer LightWeight Filter-0000
2023-02-28T22:50:37.270+0400 [DEBUG] [org.gradle.internal.remote.internal.inet.InetAddresses] Is this a loopback interface? false
2023-02-28T22:50:37.270+0400 [DEBUG] [org.gradle.internal.remote.internal.inet.InetAddresses] Adding IP addresses for network interface Microsoft Wi-Fi Direct Virtual Adapter-WFP Native MAC Layer LightWeight Filter-0000
2023-02-28T22:50:37.271+0400 [DEBUG] [org.gradle.internal.remote.internal.inet.InetAddresses] Is this a loopback interface? false
2023-02-28T22:50:37.271+0400 [DEBUG] [org.gradle.internal.remote.internal.inet.InetAddresses] Adding IP addresses for network interface Microsoft Wi-Fi Direct Virtual Adapter-Native WiFi Filter Driver-0000
2023-02-28T22:50:37.271+0400 [DEBUG] [org.gradle.internal.remote.internal.inet.InetAddresses] Is this a loopback interface? false
2023-02-28T22:50:37.271+0400 [DEBUG] [org.gradle.internal.remote.internal.inet.InetAddresses] Adding IP addresses for network interface Microsoft Wi-Fi Direct Virtual Adapter-QoS Packet Scheduler-0000
2023-02-28T22:50:37.272+0400 [DEBUG] [org.gradle.internal.remote.internal.inet.InetAddresses] Is this a loopback interface? false
2023-02-28T22:50:37.272+0400 [DEBUG] [org.gradle.internal.remote.internal.inet.InetAddresses] Adding IP addresses for network interface Microsoft Wi-Fi Direct Virtual Adapter-WFP 802.3 MAC Layer LightWeight Filter-0000
2023-02-28T22:50:37.273+0400 [DEBUG] [org.gradle.internal.remote.internal.inet.InetAddresses] Is this a loopback interface? false
2023-02-28T22:50:37.273+0400 [DEBUG] [org.gradle.internal.remote.internal.inet.InetAddresses] Adding IP addresses for network interface WAN Miniport (IP)-WFP Native MAC Layer LightWeight Filter-0000
2023-02-28T22:50:37.274+0400 [DEBUG] [org.gradle.internal.remote.internal.inet.InetAddresses] Is this a loopback interface? false
2023-02-28T22:50:37.274+0400 [DEBUG] [org.gradle.internal.remote.internal.inet.InetAddresses] Adding IP addresses for network interface WAN Miniport (IP)-QoS Packet Scheduler-0000
2023-02-28T22:50:37.275+0400 [DEBUG] [org.gradle.internal.remote.internal.inet.InetAddresses] Is this a loopback interface? false
2023-02-28T22:50:37.275+0400 [DEBUG] [org.gradle.internal.remote.internal.inet.InetAddresses] Adding IP addresses for network interface WAN Miniport (IPv6)-WFP Native MAC Layer LightWeight Filter-0000
2023-02-28T22:50:37.276+0400 [DEBUG] [org.gradle.internal.remote.internal.inet.InetAddresses] Is this a loopback interface? false
2023-02-28T22:50:37.276+0400 [DEBUG] [org.gradle.internal.remote.internal.inet.InetAddresses] Adding IP addresses for network interface WAN Miniport (IPv6)-QoS Packet Scheduler-0000
2023-02-28T22:50:37.277+0400 [DEBUG] [org.gradle.internal.remote.internal.inet.InetAddresses] Is this a loopback interface? false
2023-02-28T22:50:37.277+0400 [DEBUG] [org.gradle.internal.remote.internal.inet.InetAddresses] Adding IP addresses for network interface WAN Miniport (Network Monitor)-WFP Native MAC Layer LightWeight Filter-0000
2023-02-28T22:50:37.278+0400 [DEBUG] [org.gradle.internal.remote.internal.inet.InetAddresses] Is this a loopback interface? false
2023-02-28T22:50:37.278+0400 [DEBUG] [org.gradle.internal.remote.internal.inet.InetAddresses] Adding IP addresses for network interface WAN Miniport (Network Monitor)-QoS Packet Scheduler-0000
2023-02-28T22:50:37.279+0400 [DEBUG] [org.gradle.internal.remote.internal.inet.InetAddresses] Is this a loopback interface? false
2023-02-28T22:50:37.279+0400 [DEBUG] [org.gradle.internal.remote.internal.inet.InetAddresses] Adding IP addresses for network interface Microsoft Wi-Fi Direct Virtual Adapter #2-WFP Native MAC Layer LightWeight Filter-0000
2023-02-28T22:50:37.280+0400 [DEBUG] [org.gradle.internal.remote.internal.inet.InetAddresses] Is this a loopback interface? false
2023-02-28T22:50:37.280+0400 [DEBUG] [org.gradle.internal.remote.internal.inet.InetAddresses] Adding IP addresses for network interface Microsoft Wi-Fi Direct Virtual Adapter #2-Native WiFi Filter Driver-0000
2023-02-28T22:50:37.281+0400 [DEBUG] [org.gradle.internal.remote.internal.inet.InetAddresses] Is this a loopback interface? false
2023-02-28T22:50:37.281+0400 [DEBUG] [org.gradle.internal.remote.internal.inet.InetAddresses] Adding IP addresses for network interface Microsoft Wi-Fi Direct Virtual Adapter #2-QoS Packet Scheduler-0000
2023-02-28T22:50:37.281+0400 [DEBUG] [org.gradle.internal.remote.internal.inet.InetAddresses] Is this a loopback interface? false
2023-02-28T22:50:37.281+0400 [DEBUG] [org.gradle.internal.remote.internal.inet.InetAddresses] Adding IP addresses for network interface Microsoft Wi-Fi Direct Virtual Adapter #2-WFP 802.3 MAC Layer LightWeight Filter-0000
2023-02-28T22:50:37.282+0400 [DEBUG] [org.gradle.internal.remote.internal.inet.InetAddresses] Is this a loopback interface? false
2023-02-28T22:50:37.284+0400 [DEBUG] [org.gradle.internal.remote.internal.inet.TcpIncomingConnector] Listening on [c880be4c-0ad2-4940-b0f8-fe5385f2f148 port:65367, addresses:[localhost/127.0.0.1]].
2023-02-28T22:50:37.288+0400 [DEBUG] [org.gradle.launcher.daemon.server.Daemon] Daemon starting at: Tue Feb 28 22:50:37 AMT 2023, with address: [c880be4c-0ad2-4940-b0f8-fe5385f2f148 port:65367, addresses:[localhost/127.0.0.1]]
2023-02-28T22:50:37.289+0400 [INFO] [org.gradle.launcher.daemon.server.DaemonRegistryUpdater] Advertising the daemon address to the clients: [c880be4c-0ad2-4940-b0f8-fe5385f2f148 port:65367, addresses:[localhost/127.0.0.1]]
2023-02-28T22:50:37.289+0400 [DEBUG] [org.gradle.launcher.daemon.server.DaemonRegistryUpdater] Advertised daemon context: DefaultDaemonContext[uid=f3ea5cea-dac3-4151-9fdd-847f93512ff8,javaHome=C:\Program Files\Android\Android Studio\jre,daemonRegistryDir=D:\Ivi\AndroidStudioProjects\Eventory\Eventory\daemon,pid=1600,idleTimeout=10800000,priority=NORMAL,daemonOpts=--add-opens=java.base/java.util=ALL-UNNAMED,--add-opens=java.base/java.lang=ALL-UNNAMED,--add-opens=java.base/java.lang.invoke=ALL-UNNAMED,--add-opens=java.prefs/java.util.prefs=ALL-UNNAMED,--add-opens=java.base/java.nio.charset=ALL-UNNAMED,--add-opens=java.base/java.net=ALL-UNNAMED,--add-opens=java.base/java.util.concurrent.atomic=ALL-UNNAMED,-Xmx2048m,-Dfile.encoding=UTF-8,-Duser.country=US,-Duser.language=en,-Duser.variant]
2023-02-28T22:50:37.289+0400 [DEBUG] [org.gradle.launcher.daemon.registry.PersistentDaemonRegistry] Storing daemon address: [c880be4c-0ad2-4940-b0f8-fe5385f2f148 port:65367, addresses:[localhost/127.0.0.1]], context: DefaultDaemonContext[uid=f3ea5cea-dac3-4151-9fdd-847f93512ff8,javaHome=C:\Program Files\Android\Android Studio\jre,daemonRegistryDir=D:\Ivi\AndroidStudioProjects\Eventory\Eventory\daemon,pid=1600,idleTimeout=10800000,priority=NORMAL,daemonOpts=--add-opens=java.base/java.util=ALL-UNNAMED,--add-opens=java.base/java.lang=ALL-UNNAMED,--add-opens=java.base/java.lang.invoke=ALL-UNNAMED,--add-opens=java.prefs/java.util.prefs=ALL-UNNAMED,--add-opens=java.base/java.nio.charset=ALL-UNNAMED,--add-opens=java.base/java.net=ALL-UNNAMED,--add-opens=java.base/java.util.concurrent.atomic=ALL-UNNAMED,-Xmx2048m,-Dfile.encoding=UTF-8,-Duser.country=US,-Duser.language=en,-Duser.variant]
2023-02-28T22:50:37.294+0400 [DEBUG] [org.gradle.cache.internal.DefaultFileLockManager] Waiting to acquire exclusive lock on daemon addresses registry.
2023-02-28T22:50:37.296+0400 [DEBUG] [org.gradle.cache.internal.DefaultFileLockManager] Lock acquired on daemon addresses registry.
2023-02-28T22:50:37.298+0400 [DEBUG] [org.gradle.cache.internal.DefaultFileLockManager] Releasing lock on daemon addresses registry.
2023-02-28T22:50:37.298+0400 [LIFECYCLE] [org.gradle.launcher.daemon.server.Daemon] Daemon server started.
2023-02-28T22:50:37.299+0400 [DEBUG] [org.gradle.launcher.daemon.bootstrap.DaemonStartupCommunication] Completed writing the daemon greeting. Closing streams...
2023-02-28T22:50:37.302+0400 [DEBUG] [org.gradle.launcher.daemon.server.Daemon] stopOnExpiration() called on daemon
2023-02-28T22:50:37.301+0400 [DEBUG] [org.gradle.internal.remote.internal.inet.TcpIncomingConnector] Accepted connection from /127.0.0.1:65368 to /127.0.0.1:65367.
2023-02-28T22:50:37.304+0400 [DEBUG] [org.gradle.launcher.daemon.server.Daemon] awaitExpiration() called on daemon
2023-02-28T22:50:37.305+0400 [DEBUG] [org.gradle.launcher.daemon.server.DaemonStateCoordinator] daemon is running. Sleeping until state changes.
2023-02-28T22:50:37.328+0400 [DEBUG] [org.gradle.launcher.daemon.server.SynchronizedDispatchConnection] thread 28: received class org.gradle.launcher.daemon.protocol.Build
2023-02-28T22:50:37.328+0400 [DEBUG] [org.gradle.launcher.daemon.server.DefaultDaemonConnection] thread 28: Received non-IO message from client: Build{id=d6f4d05d-f0ea-4d21-9304-30e3db39ed7c, currentDir=D:\Ivi\AndroidStudioProjects\Eventory\Eventory}
2023-02-28T22:50:37.328+0400 [INFO] [org.gradle.launcher.daemon.server.DefaultIncomingConnectionHandler] Received command: Build{id=d6f4d05d-f0ea-4d21-9304-30e3db39ed7c, currentDir=D:\Ivi\AndroidStudioProjects\Eventory\Eventory}.
2023-02-28T22:50:37.328+0400 [DEBUG] [org.gradle.launcher.daemon.server.DefaultIncomingConnectionHandler] Starting executing command: Build{id=d6f4d05d-f0ea-4d21-9304-30e3db39ed7c, currentDir=D:\Ivi\AndroidStudioProjects\Eventory\Eventory} with connection: socket connection from /127.0.0.1:65367 to /127.0.0.1:65368.
2023-02-28T22:50:37.330+0400 [DEBUG] [org.gradle.launcher.daemon.server.DaemonStateCoordinator] Command execution: started DaemonCommandExecution[command = Build{id=d6f4d05d-f0ea-4d21-9304-30e3db39ed7c, currentDir=D:\Ivi\AndroidStudioProjects\Eventory\Eventory}, connection = DefaultDaemonConnection: socket connection from /127.0.0.1:65367 to /127.0.0.1:65368] after 0.0 minutes of idle
2023-02-28T22:50:37.330+0400 [INFO] [org.gradle.launcher.daemon.server.DaemonRegistryUpdater] Marking the daemon as busy, address: [c880be4c-0ad2-4940-b0f8-fe5385f2f148 port:65367, addresses:[localhost/127.0.0.1]]
2023-02-28T22:50:37.330+0400 [DEBUG] [org.gradle.launcher.daemon.registry.PersistentDaemonRegistry] Marking busy by address: [c880be4c-0ad2-4940-b0f8-fe5385f2f148 port:65367, addresses:[localhost/127.0.0.1]]
2023-02-28T22:50:37.331+0400 [DEBUG] [org.gradle.cache.internal.DefaultFileLockManager] Waiting to acquire exclusive lock on daemon addresses registry.
2023-02-28T22:50:37.331+0400 [DEBUG] [org.gradle.cache.internal.DefaultFileLockManager] Lock acquired on daemon addresses registry.
2023-02-28T22:50:37.331+0400 [DEBUG] [org.gradle.cache.internal.DefaultFileLockManager] Releasing lock on daemon addresses registry.
2023-02-28T22:50:37.332+0400 [DEBUG] [org.gradle.launcher.daemon.server.DaemonStateCoordinator] resetting idle timer
2023-02-28T22:50:37.332+0400 [DEBUG] [org.gradle.launcher.daemon.server.DaemonStateCoordinator] daemon is running. Sleeping until state changes.
2023-02-28T22:50:37.332+0400 [INFO] [org.gradle.launcher.daemon.server.exec.StartBuildOrRespondWithBusy] Daemon is about to start building Build{id=d6f4d05d-f0ea-4d21-9304-30e3db39ed7c, currentDir=D:\Ivi\AndroidStudioProjects\Eventory\Eventory}. Dispatching build started information...
2023-02-28T22:50:37.332+0400 [DEBUG] [org.gradle.launcher.daemon.server.SynchronizedDispatchConnection] thread 30: dispatching org.gradle.launcher.daemon.protocol.BuildStarted@3e614f5a
2023-02-28T22:50:37.333+0400 [DEBUG] [org.gradle.launcher.daemon.server.SynchronizedDispatchConnection] thread 28: received class org.gradle.launcher.daemon.protocol.CloseInput
2023-02-28T22:50:37.333+0400 [DEBUG] [org.gradle.launcher.daemon.server.DefaultDaemonConnection] thread 28: Received IO message from client: org.gradle.launcher.daemon.protocol.CloseInput@5cc9acc7
2023-02-28T22:50:37.333+0400 [DEBUG] [org.gradle.launcher.daemon.server.exec.EstablishBuildEnvironment] Configuring env variables: [USERDOMAIN_ROAMINGPROFILE, PROCESSOR_LEVEL, SESSIONNAME, ALLUSERSPROFILE, INTEL_DEV_REDIST, PROCESSOR_ARCHITECTURE, MIC_LD_LIBRARY_PATH, PSModulePath, SystemDrive, ACSvcPort, USERNAME, ProgramFiles(x86), FPS_BROWSER_USER_PROFILE_STRING, PATHEXT, DriverData, IntelliJ IDEA Community Edition, PyCharm Community Edition, ProgramData, GIT_LFS_PATH, ProgramW6432, HOMEPATH, PROCESSOR_IDENTIFIER, ProgramFiles, PUBLIC, windir, =::, LOCALAPPDATA, USERDOMAIN, LOGONSERVER, FPS_BROWSER_APP_PROFILE_STRING, JAVA_HOME, RlsSvcPort, =G:, OneDrive, APPDATA, CommonProgramFiles, Path, OS, COMPUTERNAME, PROCESSOR_REVISION, CommonProgramW6432, ComSpec, =D:, TEMP, SystemRoot, HOMEDRIVE, USERPROFILE, TMP, CommonProgramFiles(x86), NUMBER_OF_PROCESSORS, IDEA_INITIAL_DIRECTORY]
2023-02-28T22:50:37.336+0400 [DEBUG] [org.gradle.launcher.daemon.server.exec.LogToClient] About to start relaying all logs to the client via the connection.
2023-02-28T22:50:37.337+0400 [INFO] [org.gradle.launcher.daemon.server.exec.LogToClient] The client will now receive all logging from the daemon (pid: 1600). The daemon log file: D:\Ivi\AndroidStudioProjects\Eventory\Eventory\daemon\7.6\daemon-1600.out.log
2023-02-28T22:50:37.338+0400 [INFO] [org.gradle.launcher.daemon.server.exec.LogAndCheckHealth] Starting build in new daemon [memory: 2 GiB]
2023-02-28T22:50:37.339+0400 [INFO] [org.gradle.launcher.daemon.server.exec.ForwardClientInput] Closing daemon's stdin at end of input.
2023-02-28T22:50:37.339+0400 [INFO] [org.gradle.launcher.daemon.server.exec.ForwardClientInput] The daemon will no longer process any standard input.
2023-02-28T22:50:37.342+0400 [DEBUG] [org.gradle.launcher.daemon.server.exec.ExecuteBuild] The daemon has started executing the build.
2023-02-28T22:50:37.342+0400 [DEBUG] [org.gradle.launcher.daemon.server.exec.ExecuteBuild] Executing build with daemon context: DefaultDaemonContext[uid=f3ea5cea-dac3-4151-9fdd-847f93512ff8,javaHome=C:\Program Files\Android\Android Studio\jre,daemonRegistryDir=D:\Ivi\AndroidStudioProjects\Eventory\Eventory\daemon,pid=1600,idleTimeout=10800000,priority=NORMAL,daemonOpts=--add-opens=java.base/java.util=ALL-UNNAMED,--add-opens=java.base/java.lang=ALL-UNNAMED,--add-opens=java.base/java.lang.invoke=ALL-UNNAMED,--add-opens=java.prefs/java.util.prefs=ALL-UNNAMED,--add-opens=java.base/java.nio.charset=ALL-UNNAMED,--add-opens=java.base/java.net=ALL-UNNAMED,--add-opens=java.base/java.util.concurrent.atomic=ALL-UNNAMED,-Xmx2048m,-Dfile.encoding=UTF-8,-Duser.country=US,-Duser.language=en,-Duser.variant]

BUILD SUCCESSFUL in 4s
2 actionable tasks: 2 up-to-date
2023-02-28T22:50:41.088+0400 [DEBUG] [org.gradle.launcher.daemon.server.exec.ExecuteBuild] The daemon has finished executing the build.
2023-02-28T22:50:41.105+0400 [DEBUG] [org.gradle.launcher.daemon.server.DaemonStateCoordinator] daemon is running. Sleeping until state changes.
2023-02-28T22:50:41.105+0400 [DEBUG] [org.gradle.launcher.daemon.server.DaemonStateCoordinator] Command execution: finished waiting for DaemonCommandExecution[command = Build{id=d6f4d05d-f0ea-4d21-9304-30e3db39ed7c, currentDir=D:\Ivi\AndroidStudioProjects\Eventory\Eventory}, connection = DefaultDaemonConnection: socket connection from /127.0.0.1:65367 to /127.0.0.1:65368]. Result org.gradle.launcher.daemon.server.DaemonStateCoordinator@98994de with state Busy
2023-02-28T22:50:41.106+0400 [DEBUG] [org.gradle.launcher.daemon.server.DaemonStateCoordinator] Command execution: completed DaemonCommandExecution[command = Build{id=d6f4d05d-f0ea-4d21-9304-30e3db39ed7c, currentDir=D:\Ivi\AndroidStudioProjects\Eventory\Eventory}, connection = DefaultDaemonConnection: socket connection from /127.0.0.1:65367 to /127.0.0.1:65368]
2023-02-28T22:50:41.106+0400 [DEBUG] [org.gradle.launcher.daemon.server.DaemonStateCoordinator] resetting idle timer
2023-02-28T22:50:41.106+0400 [INFO] [org.gradle.launcher.daemon.server.DaemonRegistryUpdater] Marking the daemon as idle, address: [c880be4c-0ad2-4940-b0f8-fe5385f2f148 port:65367, addresses:[localhost/127.0.0.1]]
2023-02-28T22:50:41.106+0400 [DEBUG] [org.gradle.launcher.daemon.registry.PersistentDaemonRegistry] Marking busy by address: [c880be4c-0ad2-4940-b0f8-fe5385f2f148 port:65367, addresses:[localhost/127.0.0.1]]
2023-02-28T22:50:41.106+0400 [DEBUG] [org.gradle.cache.internal.DefaultFileLockManager] Waiting to acquire exclusive lock on daemon addresses registry.
2023-02-28T22:50:41.106+0400 [DEBUG] [org.gradle.cache.internal.DefaultFileLockManager] Lock acquired on daemon addresses registry.
2023-02-28T22:50:41.107+0400 [DEBUG] [org.gradle.cache.internal.DefaultFileLockManager] Releasing lock on daemon addresses registry.
2023-02-28T22:50:41.107+0400 [DEBUG] [org.gradle.launcher.daemon.server.DaemonStateCoordinator] daemon is running. Sleeping until state changes.
2023-02-28T22:50:41.107+0400 [DEBUG] [org.gradle.launcher.daemon.server.exec.ReturnResult] Daemon is dispatching the build result: Success[value=org.gradle.launcher.exec.BuildActionResult@617416d3]
2023-02-28T22:50:41.107+0400 [DEBUG] [org.gradle.launcher.daemon.server.SynchronizedDispatchConnection] thread 27: dispatching Success[value=org.gradle.launcher.exec.BuildActionResult@617416d3]
2023-02-28T22:50:41.107+0400 [DEBUG] [org.gradle.launcher.daemon.server.DefaultIncomingConnectionHandler] Finishing executing command: Build{id=d6f4d05d-f0ea-4d21-9304-30e3db39ed7c, currentDir=D:\Ivi\AndroidStudioProjects\Eventory\Eventory}
2023-02-28T22:50:41.107+0400 [DEBUG] [org.gradle.launcher.daemon.server.SynchronizedDispatchConnection] thread 28: received class org.gradle.launcher.daemon.protocol.Finished
2023-02-28T22:50:41.108+0400 [DEBUG] [org.gradle.launcher.daemon.server.DefaultDaemonConnection] thread 28: Received non-IO message from client: org.gradle.launcher.daemon.protocol.Finished@3b99228f
2023-02-28T22:50:41.108+0400 [DEBUG] [org.gradle.launcher.daemon.server.DefaultIncomingConnectionHandler] Received finished message: org.gradle.launcher.daemon.protocol.Finished@3b99228f
2023-02-28T22:50:41.108+0400 [DEBUG] [org.gradle.launcher.daemon.server.SynchronizedDispatchConnection] thread 27: stopping connection
2023-02-28T22:50:41.108+0400 [DEBUG] [org.gradle.internal.remote.internal.inet.SocketConnection] Discarding EOFException: java.io.EOFException
2023-02-28T22:50:41.108+0400 [DEBUG] [org.gradle.launcher.daemon.server.SynchronizedDispatchConnection] thread 28: received null
2023-02-28T22:50:41.108+0400 [DEBUG] [org.gradle.launcher.daemon.server.DefaultDaemonConnection] thread 28: Received end-of-input from client.
2023-02-28T22:50:41.109+0400 [DEBUG] [org.gradle.launcher.daemon.server.SynchronizedDispatchConnection] thread 27: stopping connection
2023-02-28T22:50:47.313+0400 [DEBUG] [org.gradle.cache.internal.DefaultFileLockManager] Waiting to acquire shared lock on daemon addresses registry.
2023-02-28T22:50:47.314+0400 [DEBUG] [org.gradle.cache.internal.DefaultFileLockManager] Lock acquired on daemon addresses registry.
2023-02-28T22:50:47.314+0400 [DEBUG] [org.gradle.cache.internal.DefaultFileLockManager] Releasing lock on daemon addresses registry.
2023-02-28T22:50:47.315+0400 [DEBUG] [org.gradle.cache.internal.DefaultFileLockManager] Waiting to acquire shared lock on daemon addresses registry.
2023-02-28T22:50:47.315+0400 [DEBUG] [org.gradle.cache.internal.DefaultFileLockManager] Lock acquired on daemon addresses registry.
2023-02-28T22:50:47.315+0400 [DEBUG] [org.gradle.cache.internal.DefaultFileLockManager] Releasing lock on daemon addresses registry.
2023-02-28T22:50:54.267+0400 [DEBUG] [org.gradle.internal.remote.internal.inet.TcpIncomingConnector] Accepted connection from /127.0.0.1:65380 to /127.0.0.1:65367.
2023-02-28T22:50:54.271+0400 [DEBUG] [org.gradle.launcher.daemon.server.SynchronizedDispatchConnection] thread 220: received class org.gradle.launcher.daemon.protocol.StopWhenIdle
2023-02-28T22:50:54.271+0400 [DEBUG] [org.gradle.launcher.daemon.server.DefaultDaemonConnection] thread 220: Received non-IO message from client: StopWhenIdle[id=7b4806f3-c8ad-468b-bc7a-5a374e57ad01]
2023-02-28T22:50:54.271+0400 [INFO] [org.gradle.launcher.daemon.server.DefaultIncomingConnectionHandler] Received command: StopWhenIdle[id=7b4806f3-c8ad-468b-bc7a-5a374e57ad01].
2023-02-28T22:50:54.271+0400 [DEBUG] [org.gradle.launcher.daemon.server.DefaultIncomingConnectionHandler] Starting executing command: StopWhenIdle[id=7b4806f3-c8ad-468b-bc7a-5a374e57ad01] with connection: socket connection from /127.0.0.1:65367 to /127.0.0.1:65380.
2023-02-28T22:50:54.271+0400 [DEBUG] [org.gradle.launcher.daemon.server.DaemonRegistryUpdater] Storing daemon stop event: stop command received
2023-02-28T22:50:54.272+0400 [DEBUG] [org.gradle.launcher.daemon.registry.PersistentDaemonRegistry] Storing daemon stop event with timestamp 1677610254271
2023-02-28T22:50:54.272+0400 [DEBUG] [org.gradle.cache.internal.DefaultFileLockManager] Waiting to acquire exclusive lock on daemon addresses registry.
2023-02-28T22:50:54.272+0400 [DEBUG] [org.gradle.cache.internal.DefaultFileLockManager] Lock acquired on daemon addresses registry.
2023-02-28T22:50:54.273+0400 [DEBUG] [org.gradle.cache.internal.DefaultFileLockManager] Releasing lock on daemon addresses registry.
2023-02-28T22:50:54.273+0400 [LIFECYCLE] [org.gradle.launcher.daemon.server.DaemonStateCoordinator] Daemon will be stopped at the end of the build stop command received
2023-02-28T22:50:54.273+0400 [DEBUG] [org.gradle.launcher.daemon.server.DaemonStateCoordinator] Marking daemon stopped due to stop command received. The daemon is running a build: false
2023-02-28T22:50:54.273+0400 [DEBUG] [org.gradle.launcher.daemon.server.SynchronizedDispatchConnection] thread 27: dispatching Success[value=null]
2023-02-28T22:50:54.273+0400 [DEBUG] [org.gradle.launcher.daemon.server.DaemonStateCoordinator] daemon has stopped.
2023-02-28T22:50:54.273+0400 [DEBUG] [org.gradle.launcher.daemon.server.DefaultIncomingConnectionHandler] Finishing executing command: StopWhenIdle[id=7b4806f3-c8ad-468b-bc7a-5a374e57ad01]
2023-02-28T22:50:54.273+0400 [DEBUG] [org.gradle.launcher.daemon.server.Daemon] stop() called on daemon
2023-02-28T22:50:54.273+0400 [DEBUG] [org.gradle.launcher.daemon.server.SynchronizedDispatchConnection] thread 220: received class org.gradle.launcher.daemon.protocol.Finished
2023-02-28T22:50:54.274+0400 [INFO] [org.gradle.launcher.daemon.server.Daemon] Stop requested. Daemon is removing its presence from the registry...
2023-02-28T22:50:54.274+0400 [DEBUG] [org.gradle.launcher.daemon.server.DefaultDaemonConnection] thread 220: Received non-IO message from client: org.gradle.launcher.daemon.protocol.Finished@714d89f8
2023-02-28T22:50:54.274+0400 [DEBUG] [org.gradle.launcher.daemon.server.DefaultIncomingConnectionHandler] Received finished message: org.gradle.launcher.daemon.protocol.Finished@714d89f8
2023-02-28T22:50:54.274+0400 [DEBUG] [org.gradle.launcher.daemon.server.DaemonRegistryUpdater] Removing our presence to clients, eg. removing this address from the registry: [c880be4c-0ad2-4940-b0f8-fe5385f2f148 port:65367, addresses:[localhost/127.0.0.1]]
2023-02-28T22:50:54.274+0400 [DEBUG] [org.gradle.launcher.daemon.registry.PersistentDaemonRegistry] Removing daemon address: [c880be4c-0ad2-4940-b0f8-fe5385f2f148 port:65367, addresses:[localhost/127.0.0.1]]
2023-02-28T22:50:54.274+0400 [DEBUG] [org.gradle.internal.remote.internal.inet.SocketConnection] Discarding EOFException: java.io.EOFException
2023-02-28T22:50:54.274+0400 [DEBUG] [org.gradle.launcher.daemon.server.SynchronizedDispatchConnection] thread 220: received null
2023-02-28T22:50:54.274+0400 [DEBUG] [org.gradle.launcher.daemon.server.DefaultDaemonConnection] thread 220: Received end-of-input from client.
2023-02-28T22:50:54.274+0400 [DEBUG] [org.gradle.launcher.daemon.server.SynchronizedDispatchConnection] thread 27: stopping connection
2023-02-28T22:50:54.274+0400 [DEBUG] [org.gradle.cache.internal.DefaultFileLockManager] Waiting to acquire exclusive lock on daemon addresses registry.
2023-02-28T22:50:54.275+0400 [DEBUG] [org.gradle.cache.internal.DefaultFileLockManager] Lock acquired on daemon addresses registry.
2023-02-28T22:50:54.275+0400 [DEBUG] [org.gradle.launcher.daemon.server.SynchronizedDispatchConnection] thread 27: stopping connection
2023-02-28T22:50:54.275+0400 [DEBUG] [org.gradle.cache.internal.LockOnDemandCrossProcessCacheAccess] Lock on journal cache (D:\Ivi\AndroidStudioProjects\Eventory\Eventory\caches\journal-1) requested by another process - releasing lock.
2023-02-28T22:50:54.275+0400 [DEBUG] [org.gradle.cache.internal.LockOnDemandCrossProcessCacheAccess] Releasing file lock for journal cache (D:\Ivi\AndroidStudioProjects\Eventory\Eventory\caches\journal-1)
2023-02-28T22:50:54.275+0400 [DEBUG] [org.gradle.cache.internal.DefaultFileLockManager] Releasing lock on daemon addresses registry.
2023-02-28T22:50:54.275+0400 [DEBUG] [org.gradle.launcher.daemon.server.DaemonRegistryUpdater] Address removed from registry.
2023-02-28T22:50:54.276+0400 [DEBUG] [org.gradle.cache.internal.btree.BTreePersistentIndexedCache] Closing cache file-access.bin (D:\Ivi\AndroidStudioProjects\Eventory\Eventory\caches\journal-1\file-access.bin)
2023-02-28T22:50:54.277+0400 [DEBUG] [org.gradle.cache.internal.LockOnDemandCrossProcessCacheAccess] Releasing file lock for jars (D:\Ivi\AndroidStudioProjects\Eventory\Eventory\caches\jars-9)
2023-02-28T22:50:54.277+0400 [DEBUG] [org.gradle.cache.internal.DefaultFileLockManager] Releasing lock on jars (D:\Ivi\AndroidStudioProjects\Eventory\Eventory\caches\jars-9).
2023-02-28T22:50:54.277+0400 [DEBUG] [org.gradle.cache.internal.DefaultFileLockManager] Releasing lock on journal cache (D:\Ivi\AndroidStudioProjects\Eventory\Eventory\caches\journal-1).
2023-02-28T22:50:54.277+0400 [DEBUG] [org.gradle.cache.internal.DefaultPersistentDirectoryStore] jars (D:\Ivi\AndroidStudioProjects\Eventory\Eventory\caches\jars-9) has last been fully cleaned up 50 hours ago
2023-02-28T22:50:54.277+0400 [DEBUG] [org.gradle.cache.internal.locklistener.FileLockCommunicator] Confirming lock release to Gradle process at port 51192 for lock with id -8047175619343887980.
2023-02-28T22:50:54.278+0400 [DEBUG] [org.gradle.cache.internal.locklistener.FileLockCommunicator] Confirming lock release to Gradle process at port 51192 for lock with id -8047175619343887980.
2023-02-28T22:50:54.279+0400 [INFO] [org.gradle.cache.internal.AbstractCacheCleanup] jars (D:\Ivi\AndroidStudioProjects\Eventory\Eventory\caches\jars-9) cleanup deleted 0 files/directories.
2023-02-28T22:50:54.279+0400 [INFO] [org.gradle.cache.internal.LeastRecentlyUsedCacheCleanup] jars (D:\Ivi\AndroidStudioProjects\Eventory\Eventory\caches\jars-9) removing files not accessed on or after Tue Feb 21 22:50:37 AMT 2023.
2023-02-28T22:50:54.280+0400 [DEBUG] [org.gradle.cache.internal.LockOnDemandCrossProcessCacheAccess] Acquiring file lock for journal cache (D:\Ivi\AndroidStudioProjects\Eventory\Eventory\caches\journal-1)
2023-02-28T22:50:54.280+0400 [DEBUG] [org.gradle.cache.internal.DefaultFileLockManager] Waiting to acquire exclusive lock on journal cache (D:\Ivi\AndroidStudioProjects\Eventory\Eventory\caches\journal-1).
2023-02-28T22:50:54.280+0400 [DEBUG] [org.gradle.cache.internal.DefaultFileLockManager] The file lock for journal cache (D:\Ivi\AndroidStudioProjects\Eventory\Eventory\caches\journal-1) is held by a different Gradle process (pid: 6632, lockId: -4573493229916978809). Pinged owner at port 51192
2023-02-28T22:50:54.280+0400 [DEBUG] [org.gradle.cache.internal.locklistener.DefaultFileLockContentionHandler] Gradle process at port 51192 confirmed unlock request for lock with id -4573493229916978809.
2023-02-28T22:50:54.280+0400 [DEBUG] [org.gradle.cache.internal.locklistener.DefaultFileLockContentionHandler] Gradle process at port 51192 confirmed unlock request for lock with id -4573493229916978809.
2023-02-28T22:50:54.444+0400 [DEBUG] [org.gradle.cache.internal.locklistener.DefaultFileLockContentionHandler] Gradle process at port 51192 confirmed lock release for lock with id -4573493229916978809.
2023-02-28T22:50:54.444+0400 [DEBUG] [org.gradle.cache.internal.locklistener.DefaultFileLockContentionHandler] Triggering lock release signal for lock with id -4573493229916978809.
2023-02-28T22:50:54.444+0400 [DEBUG] [org.gradle.cache.internal.locklistener.DefaultFileLockContentionHandler] Gradle process at port 51192 confirmed lock release for lock with id -4573493229916978809.
2023-02-28T22:50:54.444+0400 [DEBUG] [org.gradle.cache.internal.locklistener.DefaultFileLockContentionHandler] Triggering lock release signal for lock with id -4573493229916978809.
2023-02-28T22:50:54.444+0400 [DEBUG] [org.gradle.cache.internal.DefaultFileLockManager] Lock acquired on journal cache (D:\Ivi\AndroidStudioProjects\Eventory\Eventory\caches\journal-1).
2023-02-28T22:50:54.444+0400 [INFO] [org.gradle.cache.internal.InMemoryDecoratedCache] Invalidating in-memory cache of D:\Ivi\AndroidStudioProjects\Eventory\Eventory\caches\journal-1\file-access.bin
2023-02-28T22:50:54.446+0400 [DEBUG] [org.gradle.cache.internal.btree.BTreePersistentIndexedCache] Opening cache file-access.bin (D:\Ivi\AndroidStudioProjects\Eventory\Eventory\caches\journal-1\file-access.bin)
2023-02-28T22:50:54.456+0400 [INFO] [org.gradle.cache.internal.AbstractCacheCleanup] jars (D:\Ivi\AndroidStudioProjects\Eventory\Eventory\caches\jars-9) cleanup deleted 0 files/directories.
2023-02-28T22:50:54.456+0400 [INFO] [org.gradle.cache.internal.DefaultPersistentDirectoryStore] jars (D:\Ivi\AndroidStudioProjects\Eventory\Eventory\caches\jars-9) cleaned up in 0.178 secs.
2023-02-28T22:50:54.456+0400 [DEBUG] [org.gradle.cache.internal.DefaultPersistentDirectoryStore] Artifact transforms cache (D:\Ivi\AndroidStudioProjects\Eventory\Eventory\caches\transforms-3) has last been fully cleaned up 0 hours ago
2023-02-28T22:50:54.457+0400 [DEBUG] [org.gradle.cache.internal.DefaultCacheAccess] Cache Artifact transforms cache (D:\Ivi\AndroidStudioProjects\Eventory\Eventory\caches\transforms-3) was closed 0 times.
2023-02-28T22:50:54.461+0400 [DEBUG] [org.gradle.cache.internal.LockOnDemandCrossProcessCacheAccess] Releasing file lock for file content cache (D:\Ivi\AndroidStudioProjects\Eventory\Eventory\caches\7.6\fileContent)
2023-02-28T22:50:54.461+0400 [DEBUG] [org.gradle.cache.internal.DefaultFileLockManager] Releasing lock on file content cache (D:\Ivi\AndroidStudioProjects\Eventory\Eventory\caches\7.6\fileContent).
2023-02-28T22:50:54.462+0400 [DEBUG] [org.gradle.internal.watch.vfs.impl.WatchingVirtualFileSystem] Closing VFS, dropping state
2023-02-28T22:50:54.463+0400 [DEBUG] [org.gradle.cache.internal.DefaultCacheAccess] Cache Generated Gradle JARs cache (D:\Ivi\AndroidStudioProjects\Eventory\Eventory\caches\7.6\generated-gradle-jars) was closed 0 times.
2023-02-28T22:50:54.463+0400 [DEBUG] [org.gradle.internal.watch.registry.impl.DefaultFileWatcherRegistry] Finished listening to file system change events
2023-02-28T22:50:54.463+0400 [DEBUG] [org.gradle.cache.internal.LockOnDemandCrossProcessCacheAccess] Releasing file lock for artifact cache (D:\Ivi\AndroidStudioProjects\Eventory\Eventory\caches\modules-2)
2023-02-28T22:50:54.463+0400 [DEBUG] [org.gradle.cache.internal.btree.BTreePersistentIndexedCache] Closing cache module-metadata.bin (D:\Ivi\AndroidStudioProjects\Eventory\Eventory\caches\modules-2\metadata-2.99\module-metadata.bin)
2023-02-28T22:50:54.463+0400 [DEBUG] [org.gradle.cache.internal.btree.BTreePersistentIndexedCache] Closing cache module-artifact.bin (D:\Ivi\AndroidStudioProjects\Eventory\Eventory\caches\modules-2\metadata-2.99\module-artifact.bin)
2023-02-28T22:50:54.463+0400 [DEBUG] [org.gradle.cache.internal.DefaultFileLockManager] Releasing lock on artifact cache (D:\Ivi\AndroidStudioProjects\Eventory\Eventory\caches\modules-2).
2023-02-28T22:50:54.464+0400 [DEBUG] [org.gradle.cache.internal.DefaultPersistentDirectoryStore] artifact cache (D:\Ivi\AndroidStudioProjects\Eventory\Eventory\caches\modules-2) has last been fully cleaned up 0 hours ago
2023-02-28T22:50:54.464+0400 [DEBUG] [org.gradle.cache.internal.LockOnDemandCrossProcessCacheAccess] Releasing file lock for journal cache (D:\Ivi\AndroidStudioProjects\Eventory\Eventory\caches\journal-1)
2023-02-28T22:50:54.464+0400 [DEBUG] [org.gradle.cache.internal.btree.BTreePersistentIndexedCache] Closing cache file-access.bin (D:\Ivi\AndroidStudioProjects\Eventory\Eventory\caches\journal-1\file-access.bin)
2023-02-28T22:50:54.464+0400 [DEBUG] [org.gradle.cache.internal.DefaultFileLockManager] Releasing lock on journal cache (D:\Ivi\AndroidStudioProjects\Eventory\Eventory\caches\journal-1).
2023-02-28T22:50:54.464+0400 [DEBUG] [org.gradle.cache.internal.DefaultCacheAccess] Cache journal cache (D:\Ivi\AndroidStudioProjects\Eventory\Eventory\caches\journal-1) was closed 2 times.
2023-02-28T22:50:54.464+0400 [DEBUG] [org.gradle.cache.internal.LockOnDemandCrossProcessCacheAccess] Releasing file lock for file hash cache (D:\Ivi\AndroidStudioProjects\Eventory\Eventory\caches\7.6\fileHashes)
2023-02-28T22:50:54.465+0400 [DEBUG] [org.gradle.cache.internal.btree.BTreePersistentIndexedCache] Closing cache fileHashes.bin (D:\Ivi\AndroidStudioProjects\Eventory\Eventory\caches\7.6\fileHashes\fileHashes.bin)
2023-02-28T22:50:54.465+0400 [DEBUG] [org.gradle.cache.internal.btree.BTreePersistentIndexedCache] Closing cache resourceHashesCache.bin (D:\Ivi\AndroidStudioProjects\Eventory\Eventory\caches\7.6\fileHashes\resourceHashesCache.bin)
2023-02-28T22:50:54.465+0400 [DEBUG] [org.gradle.cache.internal.DefaultFileLockManager] Releasing lock on file hash cache (D:\Ivi\AndroidStudioProjects\Eventory\Eventory\caches\7.6\fileHashes).
2023-02-28T22:50:54.465+0400 [DEBUG] [org.gradle.cache.internal.LockOnDemandCrossProcessCacheAccess] Releasing file lock for execution history cache (D:\Ivi\AndroidStudioProjects\Eventory\Eventory\caches\7.6\executionHistory)
2023-02-28T22:50:54.465+0400 [DEBUG] [org.gradle.cache.internal.DefaultFileLockManager] Releasing lock on execution history cache (D:\Ivi\AndroidStudioProjects\Eventory\Eventory\caches\7.6\executionHistory).
Daemon vm is shutting down... The daemon has exited normally or was terminated in response to a user interrupt.
2023-02-28T22:50:54.466+0400 [DEBUG] [org.gradle.launcher.daemon.registry.PersistentDaemonRegistry] Removing daemon address: [c880be4c-0ad2-4940-b0f8-fe5385f2f148 port:65367, addresses:[localhost/127.0.0.1]]
2023-02-28T22:50:54.467+0400 [DEBUG] [org.gradle.cache.internal.DefaultFileLockManager] Waiting to acquire exclusive lock on daemon addresses registry.
2023-02-28T22:50:54.467+0400 [DEBUG] [org.gradle.cache.internal.DefaultFileLockManager] Lock acquired on daemon addresses registry.
2023-02-28T22:50:54.467+0400 [DEBUG] [org.gradle.cache.internal.DefaultFileLockManager] Releasing lock on daemon addresses registry.
